TN:
SF:src/features/analytics/components/AskYourDataPanel.tsx
FN:24,recentStorageKey
FN:26,loadRecent
FN:41,saveRecent
FN:50,extractErrorMessage
FN:76,AskYourDataPanel
FN:107,submit
FN:130,onSubmit
FN:186,onChange
FN:208,onClick
FN:314,onClick
FN:326,onClick
FN:340,formatCell
FNF:12
FNH:9
FNDA:13,recentStorageKey
FNDA:10,loadRecent
FNDA:3,saveRecent
FNDA:1,extractErrorMessage
FNDA:67,AskYourDataPanel
FNDA:4,submit
FNDA:3,onSubmit
FNDA:49,onChange
FNDA:0,onClick
FNDA:0,onClick
FNDA:1,onClick
FNDA:0,formatCell
DA:1,1
DA:2,1
DA:3,1
DA:4,1
DA:5,1
DA:6,1
DA:9,1
DA:13,1
DA:14,1
DA:17,1
DA:19,1
DA:20,1
DA:21,1
DA:22,1
DA:24,1
DA:26,10
DA:27,10
DA:28,10
DA:29,10
DA:30,10
DA:31,2
DA:32,2
DA:33,2
DA:34,2
DA:35,10
DA:36,0
DA:37,0
DA:38,0
DA:39,0
DA:41,3
DA:42,3
DA:43,3
DA:44,3
DA:45,3
DA:46,0
DA:47,0
DA:48,3
DA:50,1
DA:51,1
DA:52,1
DA:53,1
DA:54,1
DA:55,1
DA:56,0
DA:57,0
DA:58,0
DA:59,0
DA:60,0
DA:61,0
DA:62,0
DA:63,0
DA:64,0
DA:65,0
DA:66,0
DA:67,0
DA:68,0
DA:69,0
DA:70,0
DA:71,0
DA:72,1
DA:73,0
DA:74,0
DA:76,1
DA:77,67
DA:78,67
DA:79,67
DA:80,67
DA:81,67
DA:82,67
DA:83,67
DA:84,67
DA:85,67
DA:86,67
DA:87,67
DA:88,67
DA:89,67
DA:90,67
DA:92,67
DA:93,5
DA:94,5
DA:95,5
DA:96,5
DA:97,5
DA:98,67
DA:100,67
DA:101,67
DA:102,5
DA:103,5
DA:104,5
DA:105,67
DA:107,67
DA:108,4
DA:109,4
DA:110,4
DA:111,4
DA:112,4
DA:113,4
DA:114,3
DA:115,3
DA:116,3
DA:117,3
DA:118,3
DA:119,3
DA:120,3
DA:121,4
DA:122,1
DA:123,1
DA:124,1
DA:125,4
DA:126,4
DA:127,4
DA:128,4
DA:130,67
DA:131,3
DA:132,3
DA:133,3
DA:135,67
DA:137,67
DA:138,67
DA:139,67
DA:140,67
DA:142,67
DA:143,67
DA:144,67
DA:145,67
DA:147,67
DA:148,67
DA:150,67
DA:151,67
DA:152,67
DA:153,67
DA:154,67
DA:157,67
DA:158,67
DA:169,67
DA:176,67
DA:177,67
DA:182,67
DA:183,67
DA:184,67
DA:185,67
DA:186,67
DA:187,67
DA:188,67
DA:189,67
DA:190,67
DA:192,67
DA:193,67
DA:200,67
DA:201,67
DA:202,67
DA:203,67
DA:204,67
DA:205,67
DA:206,67
DA:207,67
DA:208,67
DA:209,67
DA:211,67
DA:219,67
DA:220,67
DA:221,67
DA:227,67
DA:228,67
DA:229,67
DA:234,67
DA:235,67
DA:236,67
DA:237,67
DA:238,67
DA:239,67
DA:240,67
DA:245,67
DA:246,67
DA:247,67
DA:248,67
DA:249,67
DA:250,67
DA:251,67
DA:252,67
DA:253,67
DA:254,67
DA:255,67
DA:256,67
DA:258,67
DA:259,67
DA:260,67
DA:261,67
DA:262,67
DA:263,67
DA:264,67
DA:265,67
DA:266,67
DA:268,67
DA:274,67
DA:275,67
DA:276,67
DA:277,67
DA:278,67
DA:279,67
DA:280,67
DA:281,67
DA:286,67
DA:287,67
DA:288,67
DA:289,67
DA:290,67
DA:291,67
DA:301,67
DA:302,67
DA:308,67
DA:309,67
DA:310,67
DA:311,67
DA:312,67
DA:313,67
DA:314,67
DA:315,67
DA:316,67
DA:320,67
DA:321,67
DA:322,67
DA:323,67
DA:324,67
DA:325,67
DA:326,67
DA:327,67
DA:328,67
DA:330,67
DA:338,67
DA:340,0
DA:341,0
DA:342,0
DA:343,0
DA:344,0
DA:345,0
DA:346,0
LF:237
LH:206
BRDA:24,0,0,13
BRDA:26,1,0,10
BRDA:27,2,0,0
BRDA:30,3,0,8
BRDA:30,4,0,2
BRDA:35,5,0,0
BRDA:33,6,0,2
BRDA:41,7,0,3
BRDA:42,8,0,0
BRDA:45,9,0,0
BRDA:50,10,0,1
BRDA:51,11,0,0
BRDA:55,12,0,0
BRDA:72,13,0,0
BRDA:76,14,0,67
BRDA:135,15,0,3
BRDA:135,16,0,0
BRDA:192,17,0,63
BRDA:193,18,0,4
BRDA:200,19,0,14
BRDA:227,20,0,1
BRDA:234,21,0,3
BRDA:245,22,0,0
BRDA:82,23,0,5
BRDA:92,24,0,5
BRDA:95,25,0,5
BRDA:95,26,0,0
BRDA:97,27,0,5
BRDA:101,28,0,5
BRDA:107,29,0,4
BRDA:109,30,0,0
BRDA:113,31,0,0
BRDA:113,32,0,3
BRDA:121,33,0,1
BRDA:115,34,0,3
BRDA:116,35,0,1
BRDA:130,36,0,3
BRDA:186,37,0,49
BRDA:326,38,0,1
BRF:39
BRH:27
end_of_record
TN:
SF:src/features/analytics/components/BenchmarksSection.tsx
FN:48,formatValue
FN:54,deltaIndicator
FN:72,DistributionBar
FN:111,MetricRow
FN:154,BenchmarksSection
FNF:5
FNH:0
FNDA:0,formatValue
FNDA:0,deltaIndicator
FNDA:0,DistributionBar
FNDA:0,MetricRow
FNDA:0,BenchmarksSection
DA:1,1
DA:2,1
DA:3,1
DA:7,1
DA:8,1
DA:28,1
DA:29,1
DA:30,1
DA:31,1
DA:32,1
DA:33,1
DA:34,1
DA:35,1
DA:36,1
DA:37,1
DA:38,1
DA:39,1
DA:41,1
DA:42,1
DA:43,1
DA:44,1
DA:45,1
DA:46,1
DA:48,0
DA:49,0
DA:50,0
DA:51,0
DA:52,0
DA:54,0
DA:55,0
DA:56,0
DA:57,0
DA:58,0
DA:59,0
DA:60,0
DA:61,0
DA:62,0
DA:63,0
DA:64,0
DA:65,0
DA:66,0
DA:67,0
DA:68,0
DA:69,0
DA:70,0
DA:72,0
DA:73,0
DA:74,0
DA:75,0
DA:80,0
DA:81,0
DA:82,0
DA:83,0
DA:84,0
DA:85,0
DA:86,0
DA:87,0
DA:88,0
DA:89,0
DA:90,0
DA:91,0
DA:92,0
DA:96,0
DA:97,0
DA:98,0
DA:99,0
DA:102,0
DA:103,0
DA:104,0
DA:105,0
DA:109,0
DA:111,0
DA:112,0
DA:113,0
DA:114,0
DA:115,0
DA:121,0
DA:122,0
DA:123,0
DA:124,0
DA:125,0
DA:126,0
DA:127,0
DA:128,0
DA:130,0
DA:131,0
DA:133,0
DA:134,0
DA:136,0
DA:137,0
DA:138,0
DA:139,0
DA:140,0
DA:143,0
DA:144,0
DA:148,0
DA:154,1
DA:155,0
DA:156,0
DA:157,0
DA:158,0
DA:159,0
DA:161,0
DA:162,0
DA:163,0
DA:164,0
DA:165,0
DA:166,0
DA:167,0
DA:168,0
DA:169,0
DA:170,0
DA:171,0
DA:172,0
DA:173,0
DA:174,0
DA:175,0
DA:177,0
DA:178,0
DA:179,0
DA:180,0
DA:181,0
DA:182,0
DA:183,0
DA:184,0
DA:185,0
DA:186,0
DA:187,0
DA:188,0
DA:189,0
DA:190,0
DA:191,0
DA:192,0
DA:193,0
DA:195,0
DA:196,0
DA:197,0
DA:198,0
DA:199,0
DA:200,0
DA:201,0
DA:202,0
DA:203,0
DA:204,0
DA:205,0
DA:206,0
DA:207,0
DA:208,0
DA:209,0
DA:210,0
DA:212,0
DA:213,0
DA:214,0
DA:215,0
DA:216,0
DA:218,0
DA:219,0
DA:220,0
DA:221,0
DA:222,0
DA:224,0
DA:228,0
DA:229,0
DA:230,0
DA:231,0
DA:232,0
DA:233,0
DA:235,0
DA:237,0
DA:238,0
DA:239,0
DA:240,0
DA:241,0
DA:242,0
DA:244,0
DA:249,0
DA:250,0
DA:251,0
DA:252,0
DA:253,0
DA:257,0
DA:258,0
DA:259,0
DA:260,0
DA:264,0
DA:265,0
DA:268,0
DA:269,0
DA:270,0
DA:271,0
DA:272,0
DA:273,0
DA:274,0
DA:275,0
DA:280,0
DA:281,0
DA:282,0
DA:283,0
DA:284,0
DA:285,0
DA:288,0
DA:289,0
DA:290,0
DA:291,0
DA:292,0
DA:293,0
DA:294,0
DA:295,0
DA:298,0
DA:299,0
DA:300,0
DA:301,0
DA:302,0
DA:303,0
DA:305,0
DA:306,0
DA:307,0
DA:308,0
DA:309,0
DA:310,0
DA:311,0
DA:316,0
DA:321,0
LF:223
LH:24
BRF:0
BRH:0
end_of_record
TN:
SF:src/features/analytics/components/ProfessorAskBar.tsx
FN:17,ProfessorAskBar
FNF:1
FNH:0
FNDA:0,ProfessorAskBar
DA:1,1
DA:2,1
DA:3,1
DA:4,1
DA:7,1
DA:9,1
DA:16,1
DA:17,1
DA:18,0
DA:19,0
DA:21,0
DA:22,0
DA:23,0
DA:25,0
DA:26,0
DA:27,0
DA:28,0
DA:29,0
DA:31,0
DA:32,0
DA:33,0
DA:34,0
DA:35,0
DA:36,0
DA:38,0
DA:39,0
DA:41,0
DA:42,0
DA:43,0
DA:44,0
DA:45,0
DA:47,0
DA:53,0
DA:54,0
DA:55,0
DA:56,0
DA:59,0
DA:60,0
DA:61,0
DA:62,0
DA:63,0
DA:64,0
DA:65,0
DA:66,0
DA:67,0
DA:69,0
DA:76,0
DA:78,0
DA:79,0
DA:80,0
DA:81,0
DA:82,0
DA:83,0
DA:84,0
DA:85,0
DA:86,0
DA:87,0
DA:88,0
DA:89,0
DA:91,0
DA:92,0
DA:93,0
DA:96,0
DA:97,0
DA:98,0
DA:99,0
DA:100,0
DA:101,0
DA:102,0
DA:109,0
DA:110,0
DA:111,0
DA:112,0
DA:113,0
DA:114,0
DA:115,0
DA:116,0
DA:121,0
DA:124,0
DA:127,0
LF:80
LH:8
BRF:0
BRH:0
end_of_record
TN:
SF:src/features/analytics/components/ProfessorHeroStage.tsx
FN:26,ProfessorHeroStage
FN:62,onChange
FNF:2
FNH:1
FNDA:1,ProfessorHeroStage
FNDA:0,onChange
DA:1,1
DA:2,1
DA:3,1
DA:6,1
DA:7,1
DA:21,1
DA:25,1
DA:26,1
DA:27,1
DA:29,1
DA:30,1
DA:31,1
DA:32,1
DA:33,1
DA:34,1
DA:35,1
DA:36,1
DA:37,1
DA:39,1
DA:40,1
DA:41,1
DA:43,1
DA:44,1
DA:45,1
DA:46,0
DA:47,1
DA:48,1
DA:49,1
DA:51,1
DA:52,1
DA:54,1
DA:55,1
DA:58,1
DA:59,1
DA:60,1
DA:61,1
DA:62,1
DA:63,1
DA:65,1
DA:66,1
DA:67,1
DA:72,1
DA:73,1
DA:74,1
DA:77,1
DA:78,1
DA:80,1
DA:81,1
DA:82,1
DA:83,1
DA:84,1
DA:85,1
DA:86,1
DA:88,1
DA:90,1
DA:91,1
DA:92,1
DA:93,1
DA:94,1
DA:95,1
DA:97,1
DA:99,1
DA:100,1
DA:101,1
DA:102,1
DA:103,1
DA:104,1
DA:106,1
DA:113,1
LF:69
LH:68
BRDA:26,0,0,1
BRDA:45,1,0,0
BRDA:48,2,0,0
BRDA:49,3,0,0
BRF:4
BRH:1
end_of_record
TN:
SF:src/features/analytics/components/ProfessorOverviewSection.tsx
FN:13,ProfessorOverviewSection
FN:43,onChange
FN:118,tickFormatter
FN:134,labelFormatter
FNF:4
FNH:1
FNDA:5,ProfessorOverviewSection
FNDA:0,onChange
FNDA:0,tickFormatter
FNDA:0,labelFormatter
DA:1,1
DA:2,1
DA:3,1
DA:4,1
DA:5,1
DA:6,1
DA:13,1
DA:14,5
DA:16,5
DA:17,5
DA:18,5
DA:19,5
DA:21,5
DA:23,5
DA:24,4
DA:25,4
DA:27,1
DA:28,1
DA:29,1
DA:30,1
DA:31,1
DA:32,1
DA:34,1
DA:35,1
DA:36,1
DA:41,1
DA:42,5
DA:43,5
DA:44,5
DA:45,5
DA:47,5
DA:48,5
DA:53,5
DA:54,0
DA:55,0
DA:56,0
DA:59,5
DA:60,0
DA:64,0
DA:65,5
DA:66,5
DA:67,5
DA:68,5
DA:69,5
DA:70,5
DA:72,5
DA:73,5
DA:74,5
DA:75,5
DA:76,5
DA:78,5
DA:79,5
DA:80,5
DA:81,5
DA:82,5
DA:84,5
DA:85,5
DA:86,5
DA:87,5
DA:88,5
DA:92,5
DA:93,5
DA:94,5
DA:95,5
DA:96,5
DA:98,5
DA:99,5
DA:102,5
DA:103,5
DA:106,5
DA:107,5
DA:108,5
DA:109,5
DA:110,5
DA:111,5
DA:112,5
DA:115,5
DA:116,5
DA:117,5
DA:118,5
DA:119,5
DA:120,5
DA:122,5
DA:123,5
DA:124,5
DA:125,5
DA:126,5
DA:128,5
DA:129,5
DA:130,5
DA:131,5
DA:132,5
DA:133,5
DA:134,5
DA:135,5
DA:137,5
DA:138,5
DA:139,5
DA:140,5
DA:141,5
DA:142,5
DA:149,5
DA:150,5
DA:151,5
DA:152,5
DA:153,5
DA:154,5
DA:156,5
DA:157,5
DA:158,5
DA:159,5
DA:162,5
DA:163,5
DA:164,5
DA:165,5
DA:166,5
DA:167,5
DA:171,5
DA:172,5
DA:173,5
DA:174,5
DA:175,5
DA:176,5
DA:181,5
DA:191,5
LF:125
LH:120
BRDA:13,0,0,5
BRDA:23,1,0,4
BRDA:25,2,0,1
BRDA:42,3,0,0
BRDA:53,4,0,0
BRDA:59,5,0,0
BRDA:103,6,0,0
BRDA:159,7,0,0
BRDA:16,8,0,5
BRDA:17,9,0,0
BRDA:18,10,0,1
BRDA:18,11,0,4
BRF:12
BRH:6
end_of_record
TN:
SF:src/features/analytics/components/useProfessorChat.ts
FN:11,nextId
FN:33,useProfessorChat
FNF:2
FNH:1
FNDA:0,nextId
FNDA:5,useProfessorChat
DA:1,1
DA:2,1
DA:3,1
DA:4,1
DA:10,1
DA:11,1
DA:25,1
DA:32,1
DA:33,1
DA:34,5
DA:35,5
DA:36,5
DA:37,5
DA:38,5
DA:40,5
DA:41,3
DA:42,3
DA:43,3
DA:44,3
DA:45,3
DA:46,5
DA:48,5
DA:49,5
DA:50,0
DA:51,0
DA:52,0
DA:53,0
DA:54,0
DA:55,0
DA:56,0
DA:57,0
DA:58,0
DA:59,0
DA:60,5
DA:63,5
DA:64,5
DA:65,0
DA:66,0
DA:67,0
DA:68,0
DA:69,0
DA:70,0
DA:71,0
DA:72,0
DA:73,0
DA:74,5
DA:77,5
DA:78,0
DA:79,0
DA:80,0
DA:81,0
DA:82,0
DA:83,0
DA:84,5
DA:86,5
DA:87,5
DA:88,5
DA:89,5
DA:90,5
DA:91,5
DA:92,5
DA:93,5
DA:94,5
DA:95,5
DA:96,5
DA:97,5
LF:66
LH:41
BRDA:33,0,0,5
BRDA:40,1,0,3
BRDA:44,2,0,3
BRDA:45,3,0,3
BRF:4
BRH:4
end_of_record
TN:
SF:src/features/analytics/garden/GardenFeed.tsx
FN:16,GardenFeed
FNF:1
FNH:0
FNDA:0,GardenFeed
DA:1,1
DA:3,1
DA:5,1
DA:16,1
DA:17,0
DA:19,0
DA:20,0
DA:21,0
DA:22,0
DA:25,0
DA:27,0
DA:28,0
DA:30,0
DA:31,0
DA:32,0
DA:33,0
DA:34,0
DA:35,0
DA:36,0
DA:37,0
DA:38,0
DA:39,0
DA:40,0
DA:41,0
DA:47,0
DA:48,0
DA:49,0
DA:50,0
DA:51,0
DA:52,0
DA:54,0
DA:60,0
LF:32
LH:4
BRF:0
BRH:0
end_of_record
TN:
SF:src/features/analytics/garden/GardenLecturePicker.tsx
FN:26,smoothScrollToEl
FN:51,GardenLecturePicker
FN:87,byCreatedAsc
FN:163,handleKey
FN:261,IntersectionObserver.threshold
FN:343,onFocus
FN:347,onActivate
FN:351,getKey
FN:376,onFocus
FN:380,onActivate
FN:381,getKey
FN:387,renderTile
FN:427,onClick
FNF:13
FNH:4
FNDA:0,smoothScrollToEl
FNDA:5,GardenLecturePicker
FNDA:0,byCreatedAsc
FNDA:0,handleKey
FNDA:0,IntersectionObserver.threshold
FNDA:0,onFocus
FNDA:0,onActivate
FNDA:1,getKey
FNDA:0,onFocus
FNDA:0,onActivate
FNDA:1,getKey
FNDA:1,renderTile
FNDA:0,onClick
DA:1,1
DA:2,1
DA:3,1
DA:4,1
DA:7,1
DA:8,1
DA:9,1
DA:10,1
DA:11,1
DA:12,1
DA:14,1
DA:15,1
DA:16,1
DA:18,1
DA:19,1
DA:20,1
DA:21,1
DA:22,1
DA:23,1
DA:24,1
DA:25,1
DA:26,0
DA:27,0
DA:28,0
DA:29,0
DA:30,0
DA:31,0
DA:32,0
DA:33,0
DA:34,0
DA:35,0
DA:36,0
DA:37,0
DA:38,0
DA:39,0
DA:51,1
DA:52,5
DA:53,5
DA:54,5
DA:55,5
DA:56,5
DA:57,5
DA:58,5
DA:59,5
DA:60,5
DA:61,5
DA:62,5
DA:63,5
DA:64,5
DA:65,5
DA:66,5
DA:67,5
DA:68,5
DA:70,5
DA:71,5
DA:72,5
DA:74,5
DA:76,5
DA:77,1
DA:78,0
DA:79,1
DA:80,1
DA:81,1
DA:82,1
DA:84,5
DA:85,5
DA:86,5
DA:87,5
DA:88,0
DA:89,5
DA:90,5
DA:92,5
DA:93,0
DA:94,0
DA:95,5
DA:97,5
DA:98,1
DA:99,1
DA:100,1
DA:101,1
DA:102,1
DA:103,1
DA:104,1
DA:105,1
DA:106,1
DA:107,1
DA:108,1
DA:109,1
DA:110,1
DA:111,1
DA:112,5
DA:113,5
DA:115,5
DA:116,5
DA:117,3
DA:118,0
DA:119,0
DA:120,3
DA:121,3
DA:122,3
DA:123,5
DA:125,5
DA:126,5
DA:127,5
DA:128,1
DA:129,1
DA:130,1
DA:131,1
DA:132,1
DA:133,1
DA:134,1
DA:135,1
DA:136,1
DA:137,1
DA:138,0
DA:139,0
DA:140,1
DA:141,1
DA:142,1
DA:143,1
DA:144,1
DA:145,1
DA:146,1
DA:147,5
DA:148,0
DA:149,0
DA:150,0
DA:151,0
DA:152,0
DA:153,4
DA:154,4
DA:155,0
DA:156,0
DA:157,4
DA:158,5
DA:161,5
DA:162,5
DA:163,4
DA:164,0
DA:165,0
DA:166,0
DA:167,0
DA:168,0
DA:169,0
DA:170,0
DA:171,0
DA:172,0
DA:173,0
DA:174,0
DA:175,0
DA:176,0
DA:177,0
DA:178,0
DA:179,0
DA:180,4
DA:181,4
DA:182,5
DA:184,5
DA:185,5
DA:186,5
DA:187,3
DA:188,0
DA:189,0
DA:190,0
DA:191,0
DA:192,0
DA:193,5
DA:195,5
DA:196,5
DA:197,4
DA:198,1
DA:199,1
DA:200,0
DA:201,1
DA:202,1
DA:203,1
DA:204,5
DA:206,5
DA:207,5
DA:208,5
DA:209,5
DA:210,0
DA:211,0
DA:212,0
DA:213,0
DA:214,0
DA:215,0
DA:216,0
DA:217,0
DA:218,0
DA:219,0
DA:220,0
DA:221,0
DA:222,0
DA:223,0
DA:224,0
DA:225,0
DA:226,0
DA:227,0
DA:228,0
DA:229,0
DA:230,0
DA:231,0
DA:232,0
DA:233,0
DA:234,0
DA:235,0
DA:236,0
DA:237,0
DA:238,0
DA:239,5
DA:242,5
DA:243,5
DA:245,5
DA:246,5
DA:247,5
DA:248,5
DA:249,5
DA:250,5
DA:251,5
DA:252,5
DA:253,5
DA:254,5
DA:255,5
DA:256,3
DA:257,3
DA:258,3
DA:259,0
DA:260,0
DA:261,0
DA:262,0
DA:263,0
DA:264,0
DA:265,0
DA:266,0
DA:267,0
DA:269,0
DA:270,0
DA:271,5
DA:273,5
DA:274,3
DA:275,3
DA:276,3
DA:277,3
DA:278,3
DA:282,3
DA:284,5
DA:285,1
DA:286,1
DA:287,1
DA:288,1
DA:289,1
DA:290,1
DA:291,1
DA:296,1
DA:298,1
DA:299,1
DA:300,1
DA:301,5
DA:303,5
DA:304,5
DA:305,5
DA:307,5
DA:308,5
DA:309,5
DA:310,5
DA:311,5
DA:312,5
DA:313,5
DA:316,5
DA:317,5
DA:318,5
DA:319,5
DA:320,5
DA:322,5
DA:324,5
DA:325,5
DA:326,5
DA:327,5
DA:328,5
DA:329,5
DA:330,5
DA:332,5
DA:338,5
DA:339,5
DA:340,5
DA:341,5
DA:342,5
DA:343,5
DA:344,0
DA:345,0
DA:346,0
DA:347,5
DA:348,0
DA:349,0
DA:350,0
DA:351,5
DA:352,5
DA:353,5
DA:354,5
DA:355,5
DA:356,5
DA:357,5
DA:358,5
DA:359,5
DA:360,5
DA:361,5
DA:362,5
DA:363,5
DA:364,5
DA:365,5
DA:372,5
DA:373,5
DA:374,5
DA:375,5
DA:376,5
DA:377,0
DA:378,0
DA:379,0
DA:380,5
DA:381,5
DA:382,5
DA:383,5
DA:384,5
DA:385,5
DA:386,5
DA:387,5
DA:388,1
DA:389,1
DA:390,1
DA:391,1
DA:392,1
DA:393,1
DA:394,1
DA:395,1
DA:396,1
DA:397,1
DA:400,1
DA:404,5
DA:405,5
DA:406,5
DA:407,5
DA:408,5
DA:409,5
DA:410,5
DA:411,5
DA:417,5
DA:418,5
DA:419,5
DA:420,5
DA:421,5
DA:422,5
DA:423,5
DA:424,5
DA:425,5
DA:426,5
DA:427,5
DA:429,5
DA:435,5
DA:436,5
DA:437,5
DA:438,5
DA:441,5
DA:442,5
DA:444,5
DA:445,5
DA:446,5
DA:447,5
DA:448,5
DA:449,5
DA:454,5
DA:455,5
DA:456,5
DA:457,0
DA:458,0
DA:459,0
DA:460,0
DA:461,0
DA:462,0
DA:464,0
DA:465,0
DA:466,0
DA:468,0
DA:473,0
DA:474,5
DA:475,5
DA:476,5
DA:477,5
DA:478,5
DA:479,5
DA:482,5
DA:483,5
DA:484,5
DA:485,5
DA:486,5
DA:487,5
DA:488,5
DA:489,5
DA:490,5
DA:491,5
DA:492,5
DA:493,5
DA:495,5
DA:502,5
DA:503,5
DA:504,5
DA:505,5
DA:506,5
DA:507,5
DA:508,5
DA:509,5
DA:510,5
DA:511,5
DA:513,5
DA:514,5
DA:515,5
DA:517,5
DA:524,5
DA:529,5
LF:419
LH:308
BRDA:51,0,0,5
BRDA:273,1,0,3
BRDA:282,2,0,2
BRDA:284,3,0,1
BRDA:301,4,0,0
BRDA:305,5,0,1
BRDA:339,6,0,1
BRDA:339,7,0,0
BRDA:445,8,0,1
BRDA:445,9,0,0
BRDA:447,10,0,0
BRDA:447,11,0,1
BRDA:449,12,0,0
BRDA:449,13,0,1
BRDA:455,14,0,1
BRDA:456,15,0,0
BRDA:486,16,0,0
BRDA:513,17,0,0
BRDA:70,18,0,5
BRDA:97,19,0,1
BRDA:76,20,0,1
BRDA:77,21,0,0
BRDA:77,22,0,0
BRDA:116,23,0,3
BRDA:117,24,0,0
BRDA:126,25,0,5
BRDA:127,26,0,1
BRDA:137,27,0,0
BRDA:146,28,0,0
BRDA:147,29,0,4
BRDA:147,30,0,0
BRDA:154,31,0,0
BRDA:130,32,0,1
BRDA:162,33,0,4
BRDA:181,34,0,4
BRDA:186,35,0,3
BRDA:187,36,0,0
BRDA:196,37,0,4
BRDA:197,38,0,1
BRDA:202,39,0,1
BRDA:255,40,0,3
BRDA:256,41,0,0
BRDA:258,42,0,0
BRDA:351,43,0,1
BRDA:381,44,0,1
BRDA:387,45,0,1
BRF:46
BRH:28
end_of_record
TN:
SF:src/features/analytics/garden/HealthyEmptyState.tsx
FN:5,HealthyEmptyState
FNF:1
FNH:0
FNDA:0,HealthyEmptyState
DA:1,1
DA:2,1
DA:4,1
DA:5,1
DA:6,0
DA:7,0
DA:8,0
DA:9,0
DA:10,0
DA:11,0
DA:13,0
DA:14,0
DA:16,0
DA:17,0
DA:23,0
LF:15
LH:4
BRF:0
BRH:0
end_of_record
TN:
SF:src/features/analytics/garden/InsightCard.tsx
FN:15,InsightCard
FNF:1
FNH:0
FNDA:0,InsightCard
DA:1,1
DA:2,1
DA:4,1
DA:5,1
DA:15,1
DA:16,0
DA:17,0
DA:18,0
DA:19,0
DA:20,0
DA:22,0
DA:23,0
DA:24,0
DA:25,0
DA:26,0
DA:27,0
DA:28,0
DA:29,0
DA:31,0
DA:32,0
DA:33,0
DA:34,0
DA:35,0
DA:37,0
DA:38,0
DA:39,0
DA:41,0
DA:42,0
DA:43,0
DA:44,0
DA:45,0
DA:46,0
DA:51,0
DA:52,0
DA:53,0
DA:54,0
DA:55,0
DA:57,0
DA:60,0
DA:61,0
DA:62,0
DA:64,0
DA:65,0
DA:67,0
DA:68,0
DA:74,0
LF:46
LH:5
BRF:0
BRH:0
end_of_record
TN:
SF:src/features/analytics/garden/InsightGarden.tsx
FN:11,InsightGarden
FNF:1
FNH:1
FNDA:1,InsightGarden
DA:1,1
DA:2,1
DA:3,1
DA:4,1
DA:5,1
DA:6,1
DA:7,1
DA:8,1
DA:9,1
DA:11,1
DA:12,1
DA:13,1
DA:15,1
DA:16,1
DA:17,1
DA:19,1
DA:20,1
DA:21,1
DA:22,1
DA:23,1
DA:24,1
DA:28,1
DA:29,1
DA:32,1
DA:33,1
DA:34,1
DA:40,1
DA:42,1
DA:43,1
DA:44,1
DA:47,1
DA:48,1
DA:52,1
DA:53,1
DA:54,1
DA:55,1
DA:56,1
DA:59,1
DA:60,1
DA:61,1
DA:62,1
DA:63,1
DA:65,1
DA:66,1
DA:71,1
DA:72,1
DA:73,1
DA:74,1
DA:75,1
DA:80,1
DA:81,1
DA:82,1
DA:83,1
DA:84,1
DA:89,1
DA:91,1
DA:92,1
DA:93,1
DA:94,1
DA:95,1
DA:96,1
DA:97,1
DA:98,1
DA:105,1
LF:64
LH:64
BRDA:11,0,0,1
BRDA:15,1,0,0
BRDA:16,2,0,0
BRDA:17,3,0,0
BRDA:29,4,0,0
BRDA:40,5,0,0
BRDA:89,6,0,0
BRDA:89,7,0,0
BRDA:91,8,0,0
BRDA:91,9,0,0
BRF:10
BRH:1
end_of_record
TN:
SF:src/features/analytics/garden/Layer2Viz.tsx
FN:7,num
FN:13,Layer2Viz
FNF:2
FNH:0
FNDA:0,num
FNDA:0,Layer2Viz
DA:2,1
DA:3,1
DA:4,1
DA:5,1
DA:7,0
DA:8,0
DA:9,0
DA:10,0
DA:12,1
DA:13,1
DA:14,0
DA:16,0
DA:17,0
DA:18,0
DA:20,0
DA:21,0
DA:23,0
DA:24,0
DA:26,0
DA:27,0
DA:28,0
DA:29,0
DA:30,0
DA:31,0
DA:32,0
DA:33,0
DA:35,0
DA:36,0
DA:37,0
DA:38,0
DA:39,0
DA:40,0
DA:41,0
DA:42,0
DA:44,0
DA:45,0
DA:46,0
DA:47,0
DA:48,0
DA:49,0
DA:50,0
DA:51,0
DA:53,0
DA:54,0
DA:55,0
DA:56,0
DA:57,0
DA:58,0
DA:59,0
DA:60,0
DA:62,0
DA:63,0
DA:64,0
DA:65,0
DA:66,0
DA:67,0
DA:68,0
DA:69,0
DA:71,0
DA:72,0
DA:73,0
DA:74,0
DA:75,0
DA:76,0
DA:77,0
DA:78,0
DA:80,0
DA:81,0
DA:82,0
DA:83,0
DA:84,0
DA:85,0
DA:86,0
DA:87,0
DA:89,0
DA:90,0
DA:91,0
DA:92,0
DA:93,0
DA:94,0
DA:95,0
DA:96,0
DA:98,0
DA:99,0
DA:100,0
DA:104,0
DA:105,0
LF:87
LH:6
BRF:0
BRH:0
end_of_record
TN:
SF:src/features/analytics/garden/attention.ts
FN:43,attentionStyle
FNF:1
FNH:0
FNDA:0,attentionStyle
DA:16,1
DA:17,1
DA:18,1
DA:19,1
DA:20,1
DA:21,1
DA:22,1
DA:23,1
DA:24,1
DA:25,1
DA:26,1
DA:27,1
DA:28,1
DA:29,1
DA:30,1
DA:31,1
DA:32,1
DA:33,1
DA:34,1
DA:35,1
DA:36,1
DA:37,1
DA:38,1
DA:39,1
DA:40,1
DA:41,1
DA:43,1
DA:44,0
DA:45,0
LF:29
LH:27
BRF:0
BRH:0
end_of_record
TN:
SF:src/features/analytics/garden/useGardenState.ts
FN:7,useGardenState
FNF:1
FNH:1
FNDA:1,useGardenState
DA:1,1
DA:3,1
DA:6,1
DA:7,1
DA:8,1
DA:9,1
DA:11,1
DA:12,1
DA:13,1
DA:15,1
DA:16,1
LF:11
LH:11
BRDA:7,0,0,1
BRF:1
BRH:1
end_of_record
TN:
SF:src/features/analytics/garden/viz/AtRiskStudentList.tsx
FN:11,AtRiskStudentList
FNF:1
FNH:0
FNDA:0,AtRiskStudentList
DA:10,1
DA:11,1
DA:12,0
DA:14,0
DA:15,0
DA:16,0
DA:18,0
DA:19,0
DA:20,0
DA:21,0
DA:22,0
DA:23,0
DA:24,0
DA:26,0
DA:27,0
DA:28,0
DA:29,0
DA:31,0
DA:32,0
DA:33,0
DA:34,0
DA:39,0
LF:22
LH:2
BRF:0
BRH:0
end_of_record
TN:
SF:src/features/analytics/garden/viz/ConfusionWaveChart.tsx
FN:4,num
FN:10,ConfusionWaveChart
FNF:2
FNH:0
FNDA:0,num
FNDA:0,ConfusionWaveChart
DA:1,1
DA:4,0
DA:5,0
DA:6,0
DA:7,0
DA:9,1
DA:10,1
DA:11,0
DA:12,0
DA:13,0
DA:14,0
DA:15,0
DA:17,0
DA:18,0
DA:19,0
DA:20,0
DA:21,0
DA:23,0
DA:24,0
DA:25,0
DA:27,0
DA:28,0
DA:29,0
DA:30,0
DA:31,0
DA:32,0
DA:33,0
DA:34,0
DA:35,0
DA:37,0
DA:38,0
DA:39,0
DA:40,0
DA:41,0
DA:42,0
DA:44,0
DA:45,0
DA:46,0
DA:47,0
DA:48,0
DA:49,0
DA:50,0
DA:51,0
DA:52,0
DA:56,0
DA:57,0
DA:58,0
DA:59,0
DA:60,0
DA:66,0
DA:67,0
DA:68,0
DA:69,0
DA:70,0
DA:76,0
LF:55
LH:3
BRF:0
BRH:0
end_of_record
TN:
SF:src/features/analytics/garden/viz/MetricTiles.tsx
FN:7,MetricTiles
FNF:1
FNH:0
FNDA:0,MetricTiles
DA:6,1
DA:7,1
DA:8,0
DA:9,0
DA:10,0
DA:11,0
DA:12,0
DA:13,0
DA:18,0
LF:9
LH:2
BRF:0
BRH:0
end_of_record
TN:
SF:src/features/analytics/garden/viz/SlideRangeList.tsx
FN:11,SlideRangeList
FNF:1
FNH:0
FNDA:0,SlideRangeList
DA:1,1
DA:10,1
DA:11,1
DA:12,0
DA:14,0
DA:15,0
DA:16,0
DA:18,0
DA:19,0
DA:20,0
DA:21,0
DA:22,0
DA:23,0
DA:25,0
DA:26,0
DA:27,0
DA:28,0
DA:29,0
DA:30,0
DA:31,0
DA:34,0
DA:35,0
DA:41,0
LF:23
LH:3
BRF:0
BRH:0
end_of_record
TN:
SF:src/features/analytics/hooks/useAnalytics.ts
FN:4,useProfessorOverview
FN:7,queryFn
FN:11,retry
FN:19,useAnalytics
FN:22,queryFn
FN:27,retry
FNF:6
FNH:2
FNDA:3,useProfessorOverview
FNDA:0,queryFn
FNDA:0,retry
FNDA:3,useAnalytics
FNDA:0,queryFn
FNDA:0,retry
DA:1,1
DA:2,1
DA:4,1
DA:5,3
DA:6,3
DA:7,3
DA:8,3
DA:9,3
DA:10,3
DA:11,3
DA:12,0
DA:13,0
DA:14,0
DA:15,0
DA:16,3
DA:17,3
DA:19,1
DA:20,3
DA:21,3
DA:22,3
DA:23,0
DA:24,0
DA:25,0
DA:26,3
DA:27,3
DA:28,0
DA:29,0
DA:30,0
DA:31,0
DA:32,3
DA:33,3
DA:34,3
DA:36,3
DA:37,3
LF:34
LH:23
BRDA:4,0,0,3
BRDA:19,1,0,3
BRF:2
BRH:2
end_of_record
TN:
SF:src/features/analytics/hooks/useInsights.ts
FN:6,useInsights
FN:9,queryFn
FN:13,retry
FNF:3
FNH:3
FNDA:1,useInsights
FNDA:1,queryFn
FNDA:1,retry
DA:1,1
DA:2,1
DA:5,1
DA:6,1
DA:7,1
DA:8,1
DA:9,1
DA:10,1
DA:11,1
DA:12,1
DA:13,1
DA:14,1
DA:15,1
DA:16,1
DA:17,1
DA:18,1
DA:19,1
LF:17
LH:17
BRDA:6,0,0,1
BRDA:9,1,0,1
BRDA:13,2,0,1
BRDA:14,3,0,0
BRDA:15,4,0,0
BRF:5
BRH:3
end_of_record
TN:
SF:src/features/analytics/types/index.ts
FN:1,(empty-report)
FNF:1
FNH:1
FNDA:1,(empty-report)
LF:0
LH:0
BRDA:1,0,0,1
BRF:1
BRH:1
end_of_record
TN:
SF:src/features/assignments/AssignmentsPanel.tsx
FN:34,StatusIcon
FN:47,formatDueDate
FN:65,AssignmentsPanel
FN:195,onClick
FNF:4
FNH:3
FNDA:2,StatusIcon
FNDA:2,formatDueDate
FNDA:7,AssignmentsPanel
FNDA:0,onClick
DA:1,1
DA:8,1
DA:9,1
DA:10,1
DA:11,1
DA:12,1
DA:17,1
DA:18,1
DA:20,1
DA:21,1
DA:22,1
DA:23,1
DA:24,1
DA:25,1
DA:27,1
DA:28,1
DA:29,1
DA:30,1
DA:31,1
DA:32,1
DA:34,2
DA:35,2
DA:36,2
DA:37,2
DA:38,2
DA:39,2
DA:40,2
DA:41,2
DA:42,2
DA:43,2
DA:44,2
DA:45,2
DA:47,2
DA:48,2
DA:49,2
DA:50,2
DA:51,2
DA:52,2
DA:53,2
DA:54,2
DA:55,0
DA:56,0
DA:57,2
DA:65,1
DA:66,7
DA:67,7
DA:68,7
DA:69,7
DA:71,7
DA:72,4
DA:73,4
DA:74,4
DA:75,4
DA:76,4
DA:77,4
DA:78,4
DA:79,4
DA:80,4
DA:81,4
DA:82,4
DA:83,4
DA:84,0
DA:85,0
DA:86,4
DA:87,4
DA:88,0
DA:89,0
DA:90,4
DA:91,4
DA:92,4
DA:93,4
DA:94,4
DA:95,4
DA:96,4
DA:97,7
DA:99,7
DA:100,7
DA:101,7
DA:104,7
DA:105,4
DA:106,4
DA:107,4
DA:108,4
DA:111,4
DA:113,7
DA:114,1
DA:115,1
DA:117,2
DA:118,2
DA:119,2
DA:120,2
DA:121,2
DA:122,2
DA:124,2
DA:125,2
DA:129,2
DA:130,2
DA:131,2
DA:132,2
DA:133,2
DA:134,2
DA:136,2
DA:138,2
DA:139,2
DA:140,2
DA:141,2
DA:142,2
DA:144,2
DA:145,2
DA:146,2
DA:147,2
DA:149,2
DA:150,2
DA:151,2
DA:155,2
DA:156,2
DA:157,2
DA:159,2
DA:160,2
DA:164,2
DA:165,2
DA:166,2
DA:167,2
DA:168,2
DA:170,2
DA:171,2
DA:174,2
DA:175,2
DA:176,2
DA:177,2
DA:182,2
DA:183,2
DA:184,0
DA:185,0
DA:188,2
DA:190,2
DA:191,2
DA:192,2
DA:193,2
DA:194,2
DA:195,2
DA:196,2
DA:198,2
DA:204,2
DA:208,2
LF:145
LH:137
BRDA:34,0,0,2
BRDA:47,1,0,2
BRDA:54,2,0,0
BRDA:65,3,0,7
BRDA:104,4,0,4
BRDA:111,5,0,3
BRDA:113,6,0,6
BRDA:113,7,0,1
BRDA:115,8,0,2
BRDA:71,9,0,4
BRDA:73,10,0,4
BRDA:80,11,0,0
BRDA:83,12,0,0
BRDA:87,13,0,0
BRDA:94,14,0,4
BRDA:100,15,0,7
BRDA:100,16,0,4
BRDA:130,17,0,2
BRDA:131,18,0,0
BRDA:132,19,0,0
BRDA:136,20,0,0
BRDA:171,21,0,0
BRDA:171,22,0,0
BRDA:183,23,0,0
BRDA:134,24,0,2
BRDA:134,25,0,0
BRF:26
BRH:15
end_of_record
TN:
SF:src/features/assignments/CreateAssignmentDialog.tsx
FN:45,defaultDueDate
FN:51,CreateAssignmentDialog
FN:89,reset
FN:98,toggleLecture
FN:107,toggleStudent
FN:116,selectAllStudents
FN:120,handleSubmit
FN:155,onOpenChange
FN:174,onChange
FN:187,onChange
FN:201,onChange
FN:215,onChange
FN:283,onCheckedChange
FN:298,onClick
FNF:14
FNH:8
FNDA:39,defaultDueDate
FNDA:38,CreateAssignmentDialog
FNDA:1,reset
FNDA:2,toggleLecture
FNDA:0,toggleStudent
FNDA:0,selectAllStudents
FNDA:1,handleSubmit
FNDA:0,onOpenChange
FNDA:25,onChange
FNDA:0,onChange
FNDA:1,onChange
FNDA:0,onChange
FNDA:2,onCheckedChange
FNDA:0,onClick
DA:1,1
DA:9,1
DA:10,1
DA:11,1
DA:19,1
DA:20,1
DA:21,1
DA:22,1
DA:23,1
DA:24,1
DA:25,1
DA:45,39
DA:46,39
DA:47,39
DA:48,39
DA:49,39
DA:51,1
DA:52,38
DA:53,38
DA:54,38
DA:55,38
DA:56,38
DA:57,38
DA:58,38
DA:59,38
DA:60,38
DA:61,38
DA:62,38
DA:63,38
DA:64,38
DA:65,38
DA:67,38
DA:68,38
DA:69,38
DA:70,38
DA:71,38
DA:72,38
DA:73,38
DA:74,38
DA:76,38
DA:77,34
DA:78,31
DA:79,31
DA:80,31
DA:81,0
DA:82,0
DA:83,0
DA:84,3
DA:85,3
DA:86,3
DA:87,38
DA:89,38
DA:90,1
DA:91,1
DA:92,1
DA:93,1
DA:94,1
DA:95,1
DA:96,1
DA:98,38
DA:99,2
DA:100,2
DA:101,2
DA:102,2
DA:103,2
DA:104,2
DA:105,2
DA:107,38
DA:108,0
DA:109,0
DA:110,0
DA:111,0
DA:112,0
DA:113,0
DA:114,0
DA:116,38
DA:117,0
DA:118,0
DA:120,38
DA:121,1
DA:122,1
DA:123,1
DA:124,1
DA:125,1
DA:126,1
DA:127,1
DA:128,1
DA:129,1
DA:130,1
DA:131,1
DA:132,1
DA:133,1
DA:134,1
DA:135,1
DA:136,1
DA:137,1
DA:138,1
DA:139,1
DA:140,1
DA:141,0
DA:142,0
DA:143,0
DA:144,0
DA:145,0
DA:146,0
DA:147,1
DA:148,1
DA:149,1
DA:150,1
DA:152,38
DA:153,38
DA:154,38
DA:155,38
DA:156,0
DA:157,0
DA:159,38
DA:160,38
DA:161,38
DA:162,38
DA:168,38
DA:169,38
DA:170,38
DA:171,38
DA:172,38
DA:173,38
DA:174,38
DA:175,38
DA:176,38
DA:177,38
DA:178,38
DA:182,38
DA:183,38
DA:184,38
DA:185,38
DA:186,38
DA:187,38
DA:188,38
DA:189,38
DA:190,38
DA:194,38
DA:195,38
DA:196,38
DA:197,38
DA:198,38
DA:199,38
DA:200,38
DA:201,38
DA:202,38
DA:203,38
DA:206,38
DA:207,38
DA:208,38
DA:209,38
DA:210,38
DA:211,38
DA:212,38
DA:213,38
DA:214,38
DA:215,38
DA:216,38
DA:221,38
DA:222,38
DA:223,38
DA:224,38
DA:225,38
DA:226,38
DA:227,38
DA:228,38
DA:229,38
DA:230,38
DA:231,38
DA:234,38
DA:235,38
DA:236,38
DA:238,38
DA:239,0
DA:240,0
DA:241,0
DA:242,0
DA:243,0
DA:245,0
DA:246,0
DA:247,0
DA:248,0
DA:250,0
DA:251,0
DA:255,0
DA:257,38
DA:263,38
DA:264,38
DA:265,38
DA:266,4
DA:270,38
DA:271,38
DA:272,38
DA:274,38
DA:275,54
DA:276,54
DA:277,54
DA:278,54
DA:279,54
DA:281,54
DA:282,54
DA:283,54
DA:284,54
DA:286,54
DA:289,54
DA:294,38
DA:295,38
DA:296,38
DA:297,38
DA:298,38
DA:299,38
DA:300,38
DA:303,38
DA:304,38
DA:305,38
DA:306,38
DA:308,38
DA:315,38
LF:220
LH:188
BRDA:45,0,0,39
BRDA:51,1,0,38
BRDA:265,2,0,4
BRDA:305,3,0,4
BRDA:308,4,0,1
BRDA:308,5,0,37
BRDA:70,6,0,38
BRDA:71,7,0,0
BRDA:72,8,0,0
BRDA:76,9,0,34
BRDA:77,10,0,6
BRDA:77,11,0,31
BRDA:77,12,0,28
BRDA:78,13,0,25
BRDA:78,14,0,3
BRDA:79,15,0,0
BRDA:79,16,0,3
BRDA:80,17,0,0
BRDA:83,18,0,3
BRDA:89,19,0,1
BRDA:98,20,0,2
BRDA:99,21,0,2
BRDA:101,22,0,0
BRDA:120,23,0,1
BRDA:122,24,0,0
BRDA:130,25,0,0
BRDA:133,26,0,0
BRDA:140,27,0,0
BRDA:174,28,0,25
BRDA:201,29,0,1
BRDA:274,30,0,54
BRDA:283,31,0,2
BRF:32
BRH:23
end_of_record
TN:
SF:src/features/assignments/ProfessorAssignmentsTab.tsx
FN:23,formatDate
FN:35,ProfessorAssignmentsTab
FN:66,handleDelete
FN:97,onClick
FNF:4
FNH:1
FNDA:0,formatDate
FNDA:6,ProfessorAssignmentsTab
FNDA:0,handleDelete
FNDA:0,onClick
DA:1,1
DA:5,1
DA:6,1
DA:7,1
DA:8,1
DA:9,1
DA:10,1
DA:17,1
DA:23,0
DA:24,0
DA:25,0
DA:26,0
DA:27,0
DA:28,0
DA:29,0
DA:30,0
DA:31,0
DA:32,0
DA:33,0
DA:35,1
DA:36,6
DA:37,6
DA:38,6
DA:39,6
DA:40,6
DA:42,6
DA:43,3
DA:44,3
DA:45,3
DA:46,3
DA:47,3
DA:48,0
DA:49,0
DA:50,0
DA:51,3
DA:52,3
DA:53,3
DA:54,3
DA:55,0
DA:56,0
DA:57,3
DA:58,3
DA:59,3
DA:60,6
DA:62,6
DA:63,3
DA:64,6
DA:66,6
DA:67,0
DA:68,0
DA:69,0
DA:70,0
DA:71,0
DA:72,0
DA:73,0
DA:74,0
DA:75,0
DA:76,0
DA:77,0
DA:78,0
DA:79,0
DA:80,0
DA:82,6
DA:83,6
DA:84,6
DA:85,6
DA:86,6
DA:87,6
DA:89,6
DA:90,6
DA:91,6
DA:96,6
DA:97,6
DA:98,6
DA:99,6
DA:101,6
DA:106,6
DA:107,3
DA:108,6
DA:109,6
DA:110,6
DA:111,6
DA:112,6
DA:117,6
DA:118,6
DA:119,6
DA:120,6
DA:121,6
DA:124,6
DA:127,6
DA:130,6
DA:133,6
DA:138,6
DA:139,6
DA:140,6
DA:141,6
DA:142,6
DA:143,6
DA:144,6
DA:145,6
DA:149,6
DA:150,6
DA:152,6
DA:153,6
DA:154,6
DA:155,6
DA:158,6
DA:159,6
DA:161,6
DA:162,6
DA:163,6
DA:164,6
DA:165,6
DA:166,6
DA:167,6
DA:169,6
DA:179,6
DA:180,6
DA:181,6
DA:182,6
DA:183,6
DA:184,6
DA:188,6
LF:123
LH:93
BRDA:35,0,0,6
BRDA:106,1,0,3
BRDA:42,2,0,3
BRDA:54,3,0,0
BRDA:62,4,0,3
BRF:5
BRH:4
end_of_record
TN:
SF:src/features/mindmap/MindMapErrorBoundary.tsx
FN:18,getDerivedStateFromError
FN:22,componentDidCatch
FN:31,render
FNF:3
FNH:1
FNDA:0,getDerivedStateFromError
FNDA:0,componentDidCatch
FNDA:5,render
DA:1,1
DA:11,1
DA:14,1
DA:15,1
DA:16,1
DA:18,1
DA:19,0
DA:20,0
DA:22,1
DA:23,0
DA:24,0
DA:26,1
DA:27,0
DA:28,0
DA:29,0
DA:31,1
DA:32,5
DA:33,0
DA:34,0
DA:35,0
DA:36,0
DA:38,0
DA:39,0
DA:40,0
DA:43,0
DA:47,0
DA:48,0
DA:49,0
DA:50,0
DA:55,0
DA:56,5
DA:57,5
DA:58,1
LF:33
LH:13
BRDA:31,0,0,5
BRDA:32,1,0,0
BRF:2
BRH:1
end_of_record
TN:
SF:src/features/mindmap/graph3d.ts
FN:64,flattenTree
FN:69,bump
FN:71,walk
FN:141,computeGraphLayout
FN:152,shell
FN:185,idOf
FN:197,buildAdjacency
FN:199,add
FNF:8
FNH:8
FNDA:7,flattenTree
FNDA:86,bump
FNDA:44,walk
FNDA:3,computeGraphLayout
FNDA:21,shell
FNDA:42,idOf
FNDA:1,buildAdjacency
FNDA:14,add
DA:1,1
DA:14,1
DA:15,1
DA:50,1
DA:51,1
DA:52,1
DA:53,1
DA:54,1
DA:55,1
DA:56,1
DA:58,1
DA:63,1
DA:64,1
DA:65,7
DA:66,7
DA:67,7
DA:69,7
DA:71,7
DA:72,44
DA:73,44
DA:74,44
DA:75,44
DA:76,44
DA:77,44
DA:78,44
DA:79,44
DA:80,44
DA:81,37
DA:82,37
DA:83,37
DA:84,37
DA:85,37
DA:86,44
DA:87,7
DA:89,7
DA:90,7
DA:91,7
DA:92,7
DA:93,7
DA:94,44
DA:95,13
DA:96,44
DA:97,44
DA:98,44
DA:99,44
DA:100,44
DA:101,7
DA:102,7
DA:103,7
DA:104,6
DA:105,6
DA:106,6
DA:107,6
DA:108,6
DA:109,6
DA:110,6
DA:111,6
DA:112,6
DA:113,6
DA:114,6
DA:116,7
DA:117,7
DA:118,7
DA:130,1
DA:140,1
DA:141,1
DA:142,3
DA:144,3
DA:145,3
DA:146,3
DA:147,3
DA:148,3
DA:149,3
DA:150,3
DA:152,3
DA:154,3
DA:155,3
DA:156,3
DA:157,3
DA:158,3
DA:159,3
DA:160,3
DA:162,3
DA:163,3
DA:164,3
DA:165,3
DA:166,3
DA:168,3
DA:169,3
DA:170,3
DA:172,3
DA:173,3
DA:174,3
DA:175,21
DA:176,21
DA:177,21
DA:178,21
DA:179,21
DA:180,21
DA:182,3
DA:183,3
DA:184,3
DA:185,3
DA:186,42
DA:187,3
DA:188,21
DA:189,21
DA:190,21
DA:191,21
DA:193,3
DA:194,3
DA:196,1
DA:197,1
DA:198,1
DA:199,1
DA:200,14
DA:201,14
DA:202,14
DA:203,14
DA:204,1
DA:205,7
DA:206,7
DA:207,7
DA:208,1
DA:209,1
LF:125
LH:125
BRDA:64,0,0,7
BRDA:93,1,0,44
BRDA:94,2,0,31
BRDA:94,3,0,13
BRDA:96,4,0,0
BRDA:96,5,0,13
BRDA:97,6,0,7
BRDA:103,7,0,1
BRDA:103,8,0,6
BRDA:107,9,0,0
BRDA:108,10,0,0
BRDA:116,11,0,44
BRDA:116,12,0,0
BRDA:69,13,0,86
BRDA:69,14,0,44
BRDA:71,15,0,44
BRDA:80,16,0,13
BRDA:80,17,0,37
BRDA:141,18,0,3
BRDA:169,19,0,330
BRDA:174,20,0,21
BRDA:175,21,0,0
BRDA:176,22,0,0
BRDA:177,23,0,0
BRDA:145,24,0,3
BRDA:152,25,0,21
BRDA:158,26,0,21
BRDA:159,27,0,21
BRDA:159,28,0,3
BRDA:159,29,0,18
BRDA:160,30,0,21
BRDA:160,31,0,3
BRDA:160,32,0,18
BRDA:163,33,0,21
BRDA:185,34,0,42
BRDA:186,35,0,0
BRDA:187,36,0,21
BRDA:197,37,0,1
BRDA:204,38,0,7
BRDA:199,39,0,14
BRDA:200,40,0,7
BRF:41
BRH:33
end_of_record
TN:
SF:src/features/mindmap/knowledgeMapTree.ts
FN:14,buildKnowledgeMapTree
FNF:1
FNH:1
FNDA:5,buildKnowledgeMapTree
DA:1,1
DA:9,1
DA:12,1
DA:14,1
DA:15,5
DA:16,5
DA:18,5
DA:20,5
DA:21,6
DA:22,6
DA:23,6
DA:24,6
DA:25,6
DA:26,6
DA:28,5
DA:29,5
DA:30,5
DA:31,5
DA:32,5
DA:33,6
DA:34,6
DA:35,6
DA:36,6
DA:37,6
DA:38,5
DA:40,5
DA:41,5
LF:27
LH:27
BRDA:14,0,0,5
BRDA:20,1,0,6
BRDA:21,2,0,1
BRDA:22,3,0,5
BRDA:22,4,0,1
BRDA:23,5,0,5
BRDA:28,6,0,5
BRDA:32,7,0,6
BRDA:36,8,0,5
BRF:9
BRH:9
end_of_record
TN:
SF:src/features/mindmap/normalize.ts
FN:37,asString
FN:43,asType
FN:49,coerce
FN:104,normalizeTree
FN:124,walk
FN:154,countNodes
FNF:6
FNH:6
FNDA:90,asString
FNDA:21,asType
FNDA:25,coerce
FNDA:10,normalizeTree
FNDA:3,walk
FNDA:14,countNodes
DA:1,1
DA:18,1
DA:22,1
DA:23,1
DA:37,90
DA:38,90
DA:39,90
DA:40,54
DA:41,54
DA:43,21
DA:44,21
DA:45,21
DA:46,5
DA:47,5
DA:49,25
DA:50,25
DA:51,25
DA:52,25
DA:53,25
DA:54,25
DA:56,25
DA:57,25
DA:58,25
DA:59,21
DA:61,21
DA:62,25
DA:63,25
DA:64,25
DA:66,25
DA:67,25
DA:68,25
DA:69,10
DA:70,10
DA:71,10
DA:73,21
DA:74,25
DA:75,21
DA:76,21
DA:77,21
DA:79,21
DA:80,16
DA:81,5
DA:82,0
DA:83,25
DA:85,25
DA:86,25
DA:87,15
DA:88,15
DA:89,15
DA:90,15
DA:92,21
DA:94,21
DA:95,25
DA:96,21
DA:97,21
DA:99,1
DA:103,1
DA:104,1
DA:105,10
DA:106,10
DA:108,10
DA:109,10
DA:110,10
DA:112,10
DA:114,7
DA:115,10
DA:116,3
DA:117,3
DA:118,10
DA:119,1
DA:120,1
DA:122,10
DA:123,1
DA:124,1
DA:125,3
DA:126,3
DA:127,3
DA:128,1
DA:130,1
DA:131,1
DA:132,1
DA:133,1
DA:134,1
DA:135,1
DA:136,1
DA:137,1
DA:138,1
DA:139,1
DA:140,2
DA:141,2
DA:142,2
DA:143,2
DA:144,2
DA:145,1
DA:146,1
DA:147,1
DA:148,1
DA:150,7
DA:151,7
DA:153,1
DA:154,1
DA:155,14
DA:156,14
DA:157,14
DA:158,14
LF:105
LH:104
BRDA:37,0,0,90
BRDA:38,1,0,36
BRDA:38,2,0,36
BRDA:38,3,0,54
BRDA:39,4,0,0
BRDA:39,5,0,54
BRDA:43,6,0,21
BRDA:44,7,0,16
BRDA:44,8,0,5
BRDA:45,9,0,17
BRDA:45,10,0,8
BRDA:45,11,0,7
BRDA:45,12,0,16
BRDA:45,13,0,5
BRDA:49,14,0,25
BRDA:56,15,0,0
BRDA:57,16,0,1
BRDA:57,17,0,24
BRDA:58,18,0,23
BRDA:58,19,0,3
BRDA:58,20,0,21
BRDA:62,21,0,5
BRDA:62,22,0,1
BRDA:62,23,0,1
BRDA:64,24,0,21
BRDA:68,25,0,16
BRDA:68,26,0,10
BRDA:70,27,0,0
BRDA:71,28,0,21
BRDA:74,29,0,0
BRDA:74,30,0,21
BRDA:79,31,0,16
BRDA:81,32,0,5
BRDA:81,33,0,0
BRDA:86,34,0,15
BRDA:88,35,0,14
BRDA:89,36,0,0
BRDA:90,37,0,21
BRDA:95,38,0,0
BRDA:95,39,0,21
BRDA:104,40,0,10
BRDA:112,41,0,3
BRDA:112,42,0,7
BRDA:115,43,0,3
BRDA:117,44,0,7
BRDA:118,45,0,1
BRDA:118,46,0,1
BRDA:120,47,0,7
BRDA:122,48,0,1
BRDA:122,49,0,1
BRDA:134,50,0,0
BRDA:148,51,0,7
BRDA:124,52,0,3
BRDA:125,53,0,1
BRDA:130,54,0,3
BRDA:139,55,0,2
BRDA:141,56,0,0
BRDA:154,57,0,14
BRDA:156,58,0,0
BRDA:156,59,0,12
BRF:60
BRH:50
end_of_record
TN:
SF:src/features/mindmap/hooks/useMindMap.ts
FN:1,(empty-report)
FNF:1
FNH:0
FNDA:0,(empty-report)
DA:1,0
DA:2,0
DA:4,0
DA:8,0
DA:9,0
DA:10,0
DA:12,0
DA:14,0
DA:15,0
DA:16,0
DA:17,0
DA:18,0
DA:19,0
DA:20,0
DA:21,0
DA:22,0
DA:23,0
DA:24,0
DA:25,0
DA:26,0
DA:28,0
DA:29,0
DA:30,0
DA:31,0
DA:32,0
DA:33,0
DA:34,0
DA:35,0
DA:36,0
DA:37,0
DA:38,0
DA:39,0
DA:40,0
DA:42,0
DA:43,0
LF:35
LH:0
BRDA:1,0,0,0
BRF:1
BRH:0
end_of_record
TN:
SF:src/features/practice_sheets/PracticeSheetEditor.tsx
FN:52,emptyDraft
FN:64,fromQuestion
FN:77,PracticeSheetEditor
FNF:3
FNH:0
FNDA:0,emptyDraft
FNDA:0,fromQuestion
FNDA:0,PracticeSheetEditor
DA:1,1
DA:5,1
DA:6,1
DA:7,1
DA:11,1
DA:12,1
DA:13,1
DA:14,1
DA:15,1
DA:16,1
DA:35,1
DA:36,1
DA:37,1
DA:38,1
DA:39,1
DA:52,0
DA:53,0
DA:54,0
DA:55,0
DA:56,0
DA:57,0
DA:58,0
DA:59,0
DA:60,0
DA:61,0
DA:62,0
DA:64,0
DA:65,0
DA:66,0
DA:67,0
DA:68,0
DA:69,0
DA:70,0
DA:71,0
DA:72,0
DA:73,0
DA:74,0
DA:75,0
DA:77,1
DA:78,0
DA:80,0
DA:81,0
DA:83,0
DA:84,0
DA:86,0
DA:87,0
DA:89,0
DA:90,0
DA:92,0
DA:93,0
DA:94,0
DA:95,0
DA:96,0
DA:97,0
DA:98,0
DA:99,0
DA:102,0
DA:103,0
DA:104,0
DA:105,0
DA:106,0
DA:107,0
DA:108,0
DA:109,0
DA:110,0
DA:111,0
DA:112,0
DA:113,0
DA:114,0
DA:116,0
DA:117,0
DA:118,0
DA:119,0
DA:120,0
DA:121,0
DA:123,0
DA:124,0
DA:125,0
DA:127,0
DA:128,0
DA:129,0
DA:130,0
DA:131,0
DA:132,0
DA:133,0
DA:134,0
DA:136,0
DA:137,0
DA:138,0
DA:139,0
DA:140,0
DA:142,0
DA:143,0
DA:144,0
DA:145,0
DA:147,0
DA:148,0
DA:149,0
DA:150,0
DA:151,0
DA:152,0
DA:153,0
DA:155,0
DA:156,0
DA:157,0
DA:158,0
DA:159,0
DA:160,0
DA:161,0
DA:162,0
DA:163,0
DA:164,0
DA:165,0
DA:166,0
DA:167,0
DA:168,0
DA:169,0
DA:170,0
DA:172,0
DA:173,0
DA:174,0
DA:175,0
DA:176,0
DA:177,0
DA:178,0
DA:179,0
DA:180,0
DA:181,0
DA:182,0
DA:183,0
DA:184,0
DA:185,0
DA:186,0
DA:187,0
DA:188,0
DA:190,0
DA:191,0
DA:193,0
DA:194,0
DA:195,0
DA:197,0
DA:198,0
DA:199,0
DA:201,0
DA:202,0
DA:207,0
DA:208,0
DA:209,0
DA:210,0
DA:211,0
DA:212,0
DA:213,0
DA:214,0
DA:216,0
DA:217,0
DA:218,0
DA:219,0
DA:220,0
DA:222,0
DA:228,0
DA:229,0
DA:230,0
DA:232,0
DA:233,0
DA:234,0
DA:235,0
DA:237,0
DA:238,0
DA:239,0
DA:240,0
DA:242,0
DA:244,0
DA:245,0
DA:249,0
DA:250,0
DA:252,0
DA:257,0
DA:258,0
DA:260,0
DA:261,0
DA:262,0
DA:263,0
DA:264,0
DA:265,0
DA:266,0
DA:267,0
DA:268,0
DA:269,0
DA:270,0
DA:271,0
DA:272,0
DA:274,0
DA:281,0
DA:282,0
DA:283,0
DA:284,0
DA:285,0
DA:286,0
DA:287,0
DA:292,0
DA:293,0
DA:294,0
DA:295,0
DA:297,0
DA:298,0
DA:299,0
DA:300,0
DA:301,0
DA:302,0
DA:303,0
DA:304,0
DA:305,0
DA:306,0
DA:307,0
DA:309,0
DA:310,0
DA:312,0
DA:315,0
DA:316,0
DA:317,0
DA:318,0
DA:319,0
DA:328,0
DA:329,0
DA:330,0
DA:331,0
DA:332,0
DA:333,0
DA:334,0
DA:340,0
DA:341,0
DA:342,0
DA:343,0
DA:344,0
DA:345,0
DA:346,0
DA:347,0
DA:353,0
DA:354,0
DA:355,0
DA:356,0
DA:357,0
DA:358,0
DA:359,0
DA:364,0
DA:365,0
DA:366,0
DA:367,0
DA:368,0
DA:369,0
DA:370,0
DA:371,0
DA:372,0
DA:374,0
DA:376,0
DA:377,0
DA:378,0
DA:379,0
DA:380,0
DA:381,0
DA:382,0
DA:384,0
DA:386,0
DA:387,0
DA:388,0
DA:389,0
DA:390,0
DA:391,0
DA:392,0
DA:394,0
DA:397,0
DA:398,0
DA:399,0
DA:400,0
DA:401,0
DA:402,0
DA:404,0
DA:415,0
DA:416,0
DA:417,0
DA:418,0
DA:419,0
DA:420,0
DA:421,0
DA:423,0
DA:424,0
DA:427,0
DA:428,0
DA:434,0
LF:289
LH:16
BRF:0
BRH:0
end_of_record
TN:
SF:src/features/practice_sheets/PracticeSheetTaker.tsx
FN:20,McQuestion
FN:74,PracticeSheetTaker
FNF:2
FNH:0
FNDA:0,McQuestion
FNDA:0,PracticeSheetTaker
DA:1,1
DA:5,1
DA:6,1
DA:7,1
DA:8,1
DA:9,1
DA:10,1
DA:11,1
DA:20,0
DA:21,0
DA:22,0
DA:23,0
DA:24,0
DA:30,0
DA:31,0
DA:32,0
DA:34,0
DA:35,0
DA:36,0
DA:37,0
DA:38,0
DA:39,0
DA:40,0
DA:41,0
DA:42,0
DA:43,0
DA:44,0
DA:45,0
DA:46,0
DA:47,0
DA:48,0
DA:49,0
DA:50,0
DA:51,0
DA:52,0
DA:53,0
DA:54,0
DA:55,0
DA:56,0
DA:57,0
DA:59,0
DA:60,0
DA:61,0
DA:63,0
DA:64,0
DA:65,0
DA:69,0
DA:72,0
DA:74,1
DA:75,0
DA:76,0
DA:78,0
DA:79,0
DA:80,0
DA:81,0
DA:83,0
DA:84,0
DA:86,0
DA:87,0
DA:88,0
DA:89,0
DA:90,0
DA:91,0
DA:92,0
DA:93,0
DA:94,0
DA:95,0
DA:96,0
DA:97,0
DA:98,0
DA:99,0
DA:100,0
DA:101,0
DA:102,0
DA:103,0
DA:104,0
DA:105,0
DA:106,0
DA:107,0
DA:108,0
DA:109,0
DA:110,0
DA:112,0
DA:113,0
DA:115,0
DA:116,0
DA:118,0
DA:119,0
DA:120,0
DA:122,0
DA:123,0
DA:124,0
DA:125,0
DA:126,0
DA:127,0
DA:131,0
DA:132,0
DA:133,0
DA:139,0
DA:140,0
DA:141,0
DA:142,0
DA:144,0
DA:145,0
DA:146,0
DA:148,0
DA:149,0
DA:150,0
DA:151,0
DA:158,0
DA:159,0
DA:160,0
DA:161,0
DA:162,0
DA:163,0
DA:165,0
DA:166,0
DA:167,0
DA:168,0
DA:169,0
DA:175,0
DA:176,0
DA:177,0
DA:178,0
DA:179,0
DA:180,0
DA:183,0
DA:184,0
DA:185,0
DA:186,0
DA:187,0
DA:188,0
DA:189,0
DA:190,0
DA:192,0
DA:193,0
DA:194,0
DA:195,0
DA:201,0
DA:202,0
DA:203,0
DA:204,0
DA:212,0
DA:213,0
DA:214,0
DA:215,0
DA:217,0
DA:218,0
DA:219,0
DA:220,0
DA:222,0
DA:223,0
DA:228,0
DA:229,0
DA:230,0
DA:235,0
LF:156
LH:9
BRF:0
BRH:0
end_of_record
TN:
SF:src/features/practice_sheets/ProfessorPracticeSheetsTab.tsx
FN:39,ProfessorPracticeSheetsTab
FN:65,handleGenerate
FN:82,handleCreate
FN:99,handleDelete
FN:110,handleToggleStatus
FN:121,handleOpenEditor
FN:130,handleOpenPreview
FN:143,onBack
FN:144,onPreview
FN:145,onSheetChange
FN:155,onBack
FN:204,onClick
FN:212,onClick
FN:250,onClick
FN:261,onChange
FN:264,onKeyDown
FN:270,onClick
FN:350,StatusBadge
FNF:18
FNH:1
FNDA:5,ProfessorPracticeSheetsTab
FNDA:0,handleGenerate
FNDA:0,handleCreate
FNDA:0,handleDelete
FNDA:0,handleToggleStatus
FNDA:0,handleOpenEditor
FNDA:0,handleOpenPreview
FNDA:0,onBack
FNDA:0,onPreview
FNDA:0,onSheetChange
FNDA:0,onBack
FNDA:0,onClick
FNDA:0,onClick
FNDA:0,onClick
FNDA:0,onChange
FNDA:0,onKeyDown
FNDA:0,onClick
FNDA:0,StatusBadge
DA:1,1
DA:9,1
DA:10,1
DA:11,1
DA:15,1
DA:16,1
DA:17,1
DA:18,1
DA:27,1
DA:28,1
DA:39,1
DA:40,5
DA:42,5
DA:43,5
DA:44,5
DA:45,5
DA:46,5
DA:47,5
DA:49,5
DA:51,5
DA:52,3
DA:53,3
DA:54,3
DA:55,3
DA:56,0
DA:57,0
DA:58,3
DA:59,3
DA:60,3
DA:61,5
DA:63,5
DA:65,5
DA:66,0
DA:67,0
DA:68,0
DA:69,0
DA:70,0
DA:71,0
DA:72,0
DA:73,0
DA:74,0
DA:75,0
DA:76,0
DA:77,0
DA:78,0
DA:79,0
DA:80,0
DA:82,5
DA:83,0
DA:84,0
DA:85,0
DA:86,0
DA:87,0
DA:88,0
DA:89,0
DA:90,0
DA:91,0
DA:92,0
DA:93,0
DA:94,0
DA:95,0
DA:96,0
DA:97,0
DA:99,5
DA:100,0
DA:101,0
DA:102,0
DA:103,0
DA:104,0
DA:105,0
DA:106,0
DA:107,0
DA:108,0
DA:110,5
DA:111,0
DA:112,0
DA:113,0
DA:114,0
DA:115,0
DA:116,0
DA:117,0
DA:118,0
DA:119,0
DA:121,5
DA:122,0
DA:123,0
DA:124,0
DA:125,0
DA:126,0
DA:127,0
DA:128,0
DA:130,5
DA:131,0
DA:132,0
DA:133,0
DA:134,0
DA:135,0
DA:136,0
DA:137,0
DA:139,5
DA:140,0
DA:141,0
DA:142,0
DA:143,0
DA:144,0
DA:145,0
DA:148,0
DA:150,5
DA:151,0
DA:152,0
DA:153,0
DA:154,0
DA:155,0
DA:158,0
DA:160,5
DA:162,5
DA:163,5
DA:165,5
DA:166,5
DA:168,5
DA:169,5
DA:170,5
DA:171,5
DA:172,5
DA:173,5
DA:174,5
DA:179,5
DA:180,5
DA:184,5
DA:185,0
DA:186,0
DA:187,0
DA:188,0
DA:190,0
DA:191,0
DA:192,0
DA:193,0
DA:194,0
DA:195,0
DA:196,0
DA:198,0
DA:201,0
DA:202,0
DA:203,0
DA:204,0
DA:205,0
DA:207,0
DA:209,0
DA:210,0
DA:211,0
DA:212,0
DA:213,0
DA:215,0
DA:216,0
DA:218,0
DA:224,5
DA:225,5
DA:226,5
DA:227,5
DA:228,5
DA:230,5
DA:231,5
DA:237,5
DA:238,5
DA:239,5
DA:241,5
DA:242,5
DA:243,5
DA:247,5
DA:248,5
DA:249,5
DA:250,5
DA:251,5
DA:253,5
DA:257,5
DA:258,5
DA:259,5
DA:260,5
DA:261,5
DA:262,5
DA:263,5
DA:264,5
DA:265,5
DA:267,5
DA:268,5
DA:270,5
DA:276,5
DA:277,3
DA:278,3
DA:280,5
DA:281,5
DA:285,5
DA:286,5
DA:287,5
DA:288,5
DA:289,5
DA:291,5
DA:292,5
DA:293,5
DA:294,5
DA:296,5
DA:297,5
DA:300,5
DA:301,5
DA:302,5
DA:303,5
DA:304,5
DA:305,5
DA:306,5
DA:308,5
DA:310,5
DA:311,5
DA:312,5
DA:313,5
DA:314,5
DA:315,5
DA:317,5
DA:319,5
DA:320,5
DA:321,5
DA:322,5
DA:323,5
DA:324,5
DA:326,5
DA:327,5
DA:328,5
DA:330,5
DA:331,5
DA:332,5
DA:333,5
DA:334,5
DA:335,5
DA:337,5
DA:339,5
DA:348,5
DA:350,0
DA:351,0
DA:352,0
DA:353,0
DA:354,0
DA:355,0
DA:356,0
DA:357,0
DA:359,0
DA:362,0
LF:245
LH:132
BRDA:39,0,0,5
BRDA:139,1,0,0
BRDA:150,2,0,0
BRDA:184,3,0,0
BRDA:230,4,0,0
BRDA:231,5,0,0
BRDA:276,6,0,3
BRDA:51,7,0,3
BRDA:55,8,0,0
BRDA:63,9,0,3
BRF:10
BRH:4
end_of_record
TN:
SF:src/features/practice_sheets/StudentPracticeSheetsPanel.tsx
FN:16,StudentPracticeSheetsPanel
FN:42,openSheet
FN:77,onBack
FNF:3
FNH:1
FNDA:164,StudentPracticeSheetsPanel
FNDA:0,openSheet
FNDA:0,onBack
DA:1,1
DA:4,1
DA:5,1
DA:6,1
DA:7,1
DA:8,1
DA:9,1
DA:10,1
DA:16,1
DA:17,164
DA:18,164
DA:19,164
DA:20,164
DA:21,164
DA:23,164
DA:24,114
DA:25,114
DA:26,114
DA:27,114
DA:28,114
DA:29,0
DA:30,0
DA:31,0
DA:32,0
DA:33,0
DA:34,0
DA:35,114
DA:36,114
DA:37,114
DA:38,164
DA:40,164
DA:42,164
DA:43,0
DA:44,0
DA:45,0
DA:46,0
DA:47,0
DA:48,0
DA:49,0
DA:50,0
DA:51,0
DA:52,0
DA:53,0
DA:54,0
DA:55,0
DA:56,0
DA:57,0
DA:60,164
DA:61,149
DA:62,149
DA:63,149
DA:66,149
DA:68,15
DA:69,15
DA:70,15
DA:72,0
DA:73,0
DA:74,0
DA:75,0
DA:76,0
DA:77,0
DA:80,0
DA:82,0
DA:83,0
DA:84,0
DA:85,0
DA:86,0
DA:87,0
DA:90,0
DA:91,0
DA:92,0
DA:93,0
DA:94,0
DA:96,0
DA:97,0
DA:99,0
DA:100,0
DA:101,0
DA:102,0
DA:105,0
DA:106,0
DA:107,0
DA:108,0
DA:109,0
DA:110,0
DA:112,0
DA:113,0
DA:115,0
DA:123,0
LF:89
LH:34
BRDA:16,0,0,164
BRDA:60,1,0,149
BRDA:66,2,0,15
BRDA:70,3,0,0
BRDA:23,4,0,114
BRDA:28,5,0,0
BRDA:40,6,0,114
BRF:7
BRH:5
end_of_record
TN:
SF:src/features/skilltree/skillTree.ts
FN:66,orderLectures
FN:74,lectureProgressState
FN:89,buildSkillTree
FN:98,conceptState
FN:256,countSkills
FN:259,walk
FNF:6
FNH:6
FNDA:12,orderLectures
FNDA:19,lectureProgressState
FNDA:11,buildSkillTree
FNDA:14,conceptState
FNDA:1,countSkills
FNDA:5,walk
DA:1,1
DA:15,1
DA:61,1
DA:62,1
DA:63,1
DA:65,1
DA:66,1
DA:67,12
DA:68,12
DA:69,12
DA:70,12
DA:71,12
DA:73,1
DA:74,19
DA:75,19
DA:76,19
DA:78,19
DA:79,13
DA:80,19
DA:81,12
DA:82,19
DA:83,1
DA:84,1
DA:85,1
DA:86,12
DA:87,12
DA:89,1
DA:90,11
DA:92,11
DA:94,11
DA:95,11
DA:96,11
DA:98,11
DA:99,14
DA:100,14
DA:102,14
DA:103,14
DA:104,2
DA:105,12
DA:106,14
DA:107,6
DA:108,6
DA:109,4
DA:110,14
DA:111,14
DA:112,4
DA:113,4
DA:115,11
DA:116,11
DA:117,11
DA:118,19
DA:119,19
DA:120,19
DA:121,19
DA:122,19
DA:123,19
DA:124,19
DA:125,19
DA:127,11
DA:129,11
DA:130,11
DA:131,11
DA:133,11
DA:134,11
DA:135,19
DA:137,11
DA:138,19
DA:139,19
DA:141,11
DA:142,11
DA:143,19
DA:144,19
DA:145,19
DA:146,7
DA:147,19
DA:148,12
DA:149,12
DA:150,12
DA:151,19
DA:153,19
DA:154,19
DA:155,7
DA:156,7
DA:157,7
DA:158,7
DA:159,7
DA:160,7
DA:161,7
DA:162,7
DA:163,7
DA:164,7
DA:165,7
DA:167,19
DA:168,19
DA:169,19
DA:170,19
DA:171,19
DA:172,19
DA:173,19
DA:174,19
DA:175,19
DA:176,19
DA:177,19
DA:179,11
DA:180,11
DA:181,11
DA:182,11
DA:183,19
DA:184,19
DA:185,7
DA:186,7
DA:187,7
DA:188,7
DA:189,7
DA:190,7
DA:191,19
DA:192,11
DA:193,7
DA:194,7
DA:195,7
DA:196,7
DA:197,7
DA:198,7
DA:199,7
DA:200,7
DA:201,7
DA:202,7
DA:203,7
DA:205,11
DA:206,11
DA:207,11
DA:208,11
DA:210,11
DA:211,3
DA:212,8
DA:213,3
DA:214,5
DA:216,11
DA:217,11
DA:218,11
DA:219,11
DA:220,11
DA:221,11
DA:222,11
DA:223,11
DA:224,11
DA:225,0
DA:226,11
DA:227,11
DA:228,11
DA:229,11
DA:231,11
DA:232,11
DA:233,11
DA:234,0
DA:235,0
DA:236,0
DA:237,0
DA:238,0
DA:239,0
DA:240,0
DA:242,11
DA:243,11
DA:244,11
DA:245,11
DA:246,11
DA:247,11
DA:248,11
DA:249,11
DA:251,1
DA:255,1
DA:256,1
DA:257,1
DA:258,1
DA:259,1
DA:260,5
DA:261,2
DA:262,2
DA:263,2
DA:264,5
DA:265,5
DA:266,1
DA:267,1
DA:268,1
LF:184
LH:176
BRDA:66,0,0,12
BRDA:67,1,0,12
BRDA:68,2,0,0
BRDA:68,3,0,0
BRDA:69,4,0,10
BRDA:69,5,0,2
BRDA:74,6,0,19
BRDA:78,7,0,7
BRDA:78,8,0,6
BRDA:78,9,0,13
BRDA:80,10,0,1
BRDA:80,11,0,1
BRDA:80,12,0,12
BRDA:80,13,0,12
BRDA:81,14,0,0
BRDA:82,15,0,1
BRDA:83,16,0,0
BRDA:85,17,0,12
BRDA:89,18,0,11
BRDA:95,19,0,1
BRDA:95,20,0,10
BRDA:96,21,0,1
BRDA:96,22,0,10
BRDA:117,23,0,19
BRDA:118,24,0,1
BRDA:120,25,0,18
BRDA:120,26,0,1
BRDA:120,27,0,0
BRDA:120,28,0,1
BRDA:121,29,0,18
BRDA:122,30,0,11
BRDA:182,31,0,19
BRDA:184,32,0,4
BRDA:184,33,0,15
BRDA:184,34,0,7
BRDA:188,35,0,0
BRDA:210,36,0,3
BRDA:211,37,0,8
BRDA:212,38,0,3
BRDA:213,39,0,5
BRDA:225,40,0,0
BRDA:227,41,0,0
BRDA:233,42,0,0
BRDA:233,43,0,0
BRDA:92,44,0,7
BRDA:95,45,0,1
BRDA:96,46,0,1
BRDA:98,47,0,14
BRDA:103,48,0,2
BRDA:104,49,0,12
BRDA:106,50,0,8
BRDA:106,51,0,0
BRDA:106,52,0,6
BRDA:108,53,0,4
BRDA:109,54,0,0
BRDA:109,55,0,0
BRDA:110,56,0,2
BRDA:110,57,0,4
BRDA:111,58,0,0
BRDA:111,59,0,0
BRDA:111,60,0,4
BRDA:134,61,0,19
BRDA:135,62,0,0
BRDA:137,63,0,19
BRDA:138,64,0,6
BRDA:142,65,0,19
BRDA:145,66,0,7
BRDA:147,67,0,12
BRDA:148,68,0,7
BRDA:149,69,0,7
BRDA:149,70,0,5
BRDA:153,71,0,4
BRDA:153,72,0,15
BRDA:175,73,0,4
BRDA:175,74,0,15
BRDA:154,75,0,7
BRDA:192,76,0,7
BRDA:206,77,0,14
BRDA:208,78,0,13
BRDA:208,79,0,8
BRDA:224,80,0,19
BRDA:226,81,0,19
BRDA:256,82,0,1
BRDA:259,83,0,5
BRDA:260,84,0,4
BRDA:260,85,0,2
BRDA:262,86,0,1
BRDA:264,87,0,3
BRF:88
BRH:72
end_of_record
TN:
SF:src/features/skilltree/useSkillTree.ts
FN:1,(empty-report)
FNF:1
FNH:0
FNDA:0,(empty-report)
DA:1,0
DA:6,0
DA:7,0
DA:8,0
DA:9,0
DA:10,0
DA:11,0
DA:17,0
DA:25,0
DA:26,0
DA:27,0
DA:29,0
DA:30,0
DA:31,0
DA:33,0
DA:34,0
DA:36,0
DA:37,0
DA:38,0
DA:39,0
DA:40,0
DA:41,0
DA:42,0
DA:43,0
DA:44,0
DA:46,0
DA:47,0
DA:48,0
DA:49,0
DA:50,0
DA:51,0
DA:52,0
DA:53,0
DA:54,0
DA:55,0
DA:56,0
DA:57,0
DA:59,0
DA:60,0
DA:61,0
DA:62,0
DA:63,0
DA:64,0
DA:65,0
DA:66,0
DA:67,0
DA:70,0
DA:72,0
DA:73,0
DA:74,0
DA:75,0
DA:76,0
DA:77,0
DA:78,0
DA:79,0
DA:80,0
LF:56
LH:0
BRDA:1,0,0,0
BRF:1
BRH:0
end_of_record
TN:
SF:src/features/social/api.ts
FN:13,rpc
FN:41,mapUser
FN:70,fetchMySocialExtras
FN:85,fetchWeeklyXpByDay
FN:95,fetchFriends
FN:104,fetchFriendRequests
FN:122,searchUsers
FN:133,fetchGlobalLeaderboard
FN:140,fetchFriendSuggestions
FN:146,fetchUserProfile
FN:153,fetchUserCourses
FN:165,sendFriendRequest
FN:169,respondFriendRequest
FN:173,cancelFriendRequest
FN:177,removeFriend
FN:181,setMySocialProfile
FN:185,bootstrapDemoFriends
FNF:17
FNH:4
FNDA:15,rpc
FNDA:0,mapUser
FNDA:0,fetchMySocialExtras
FNDA:0,fetchWeeklyXpByDay
FNDA:5,fetchFriends
FNDA:5,fetchFriendRequests
FNDA:0,searchUsers
FNDA:0,fetchGlobalLeaderboard
FNDA:5,fetchFriendSuggestions
FNDA:0,fetchUserProfile
FNDA:0,fetchUserCourses
FNDA:0,sendFriendRequest
FNDA:0,respondFriendRequest
FNDA:0,cancelFriendRequest
FNDA:0,removeFriend
FNDA:0,setMySocialProfile
FNDA:0,bootstrapDemoFriends
DA:1,1
DA:2,1
DA:3,1
DA:12,1
DA:13,1
DA:14,15
DA:41,0
DA:42,0
DA:43,0
DA:44,0
DA:45,0
DA:46,0
DA:47,0
DA:48,0
DA:49,0
DA:50,0
DA:51,0
DA:52,0
DA:53,0
DA:54,0
DA:55,0
DA:56,0
DA:57,0
DA:58,0
DA:59,0
DA:60,0
DA:61,0
DA:62,0
DA:63,0
DA:64,0
DA:65,0
DA:66,0
DA:68,1
DA:70,1
DA:75,0
DA:76,0
DA:77,0
DA:78,0
DA:79,0
DA:80,0
DA:81,0
DA:82,0
DA:83,0
DA:85,1
DA:86,0
DA:87,0
DA:88,0
DA:89,0
DA:90,0
DA:91,0
DA:92,0
DA:93,0
DA:95,1
DA:96,5
DA:97,5
DA:98,5
DA:99,0
DA:100,0
DA:101,0
DA:102,5
DA:104,1
DA:105,5
DA:106,5
DA:107,5
DA:108,0
DA:109,0
DA:110,0
DA:111,0
DA:112,0
DA:113,5
DA:122,1
DA:123,0
DA:124,0
DA:125,0
DA:126,0
DA:127,0
DA:128,0
DA:129,0
DA:130,0
DA:131,0
DA:133,1
DA:134,0
DA:135,0
DA:136,0
DA:137,0
DA:139,1
DA:140,1
DA:141,5
DA:142,5
DA:143,5
DA:144,5
DA:146,1
DA:147,0
DA:148,0
DA:149,0
DA:150,0
DA:151,0
DA:153,1
DA:154,0
DA:155,0
DA:156,0
DA:157,0
DA:158,0
DA:159,0
DA:160,0
DA:161,0
DA:163,1
DA:165,1
DA:166,0
DA:167,0
DA:168,0
DA:169,1
DA:170,0
DA:171,0
DA:172,0
DA:173,1
DA:174,0
DA:175,0
DA:176,0
DA:177,1
DA:178,0
DA:179,0
DA:180,0
DA:181,1
DA:182,0
DA:183,0
DA:184,0
DA:185,1
DA:186,0
DA:187,0
DA:188,0
DA:189,0
LF:132
LH:36
BRDA:13,0,0,15
BRDA:95,1,0,5
BRDA:97,2,0,1
BRDA:97,3,0,4
BRDA:104,4,0,5
BRDA:106,5,0,1
BRDA:106,6,0,4
BRDA:140,7,0,5
BRDA:142,8,0,1
BRDA:142,9,0,4
BRF:10
BRH:10
end_of_record
TN:
SF:src/features/social/data.ts
FN:62,initialsOf
FN:81,avatarGradient
FNF:2
FNH:0
FNDA:0,initialsOf
FNDA:0,avatarGradient
DA:1,1
DA:7,1
DA:13,1
DA:14,1
DA:15,1
DA:16,1
DA:17,1
DA:18,1
DA:19,1
DA:60,1
DA:62,1
DA:63,0
DA:64,0
DA:65,0
DA:66,0
DA:67,0
DA:68,0
DA:69,0
DA:71,1
DA:72,1
DA:73,1
DA:74,1
DA:75,1
DA:76,1
DA:77,1
DA:78,1
DA:79,1
DA:81,1
DA:82,0
DA:83,0
DA:84,0
DA:85,0
DA:86,0
LF:33
LH:21
BRF:0
BRH:0
end_of_record
TN:
SF:src/features/social/hooks.ts
FN:27,suggestions
FN:31,search
FN:32,profile
FN:36,useFriends
FN:37,useGlobalLeaderboard
FN:39,useFriendSuggestions
FN:40,queryFn
FN:41,useFriendRequests
FN:43,useMySocialExtras
FN:45,useWeeklyXpByDay
FN:47,useSearchUsers
FN:49,useUserProfile
FN:51,useUserCourses
FN:55,useFriendActions
FN:94,useSetSocialProfile
FNF:15
FNH:5
FNDA:9,suggestions
FNDA:0,search
FNDA:0,profile
FNDA:9,useFriends
FNDA:0,useGlobalLeaderboard
FNDA:9,useFriendSuggestions
FNDA:5,queryFn
FNDA:9,useFriendRequests
FNDA:0,useMySocialExtras
FNDA:0,useWeeklyXpByDay
FNDA:0,useSearchUsers
FNDA:0,useUserProfile
FNDA:0,useUserCourses
FNDA:0,useFriendActions
FNDA:0,useSetSocialProfile
DA:1,1
DA:2,1
DA:3,1
DA:4,1
DA:24,1
DA:25,1
DA:26,1
DA:27,1
DA:28,1
DA:29,1
DA:30,1
DA:31,1
DA:32,1
DA:33,1
DA:34,1
DA:36,1
DA:37,1
DA:38,0
DA:39,1
DA:40,9
DA:41,1
DA:42,9
DA:43,1
DA:44,0
DA:45,1
DA:46,0
DA:47,1
DA:48,0
DA:49,1
DA:50,0
DA:51,1
DA:52,0
DA:54,1
DA:55,1
DA:56,0
DA:57,0
DA:58,0
DA:60,0
DA:61,0
DA:62,0
DA:63,0
DA:64,0
DA:65,0
DA:66,0
DA:67,0
DA:68,0
DA:69,0
DA:70,0
DA:71,0
DA:72,0
DA:73,0
DA:74,0
DA:75,0
DA:76,0
DA:77,0
DA:78,0
DA:79,0
DA:80,0
DA:81,0
DA:82,0
DA:83,0
DA:84,0
DA:85,0
DA:86,0
DA:87,0
DA:88,0
DA:89,0
DA:91,0
DA:92,0
DA:94,1
DA:95,0
DA:96,0
DA:97,0
DA:98,0
DA:99,0
DA:100,0
DA:101,0
DA:102,0
DA:103,0
DA:104,0
DA:105,0
LF:81
LH:29
BRDA:27,0,0,9
BRDA:36,1,0,9
BRDA:39,2,0,9
BRDA:40,3,0,5
BRDA:41,4,0,9
BRF:5
BRH:5
end_of_record
TN:
SF:src/features/social/store.tsx
FN:1,(empty-report)
FNF:1
FNH:0
FNDA:0,(empty-report)
DA:1,0
DA:5,0
DA:6,0
DA:14,0
DA:16,0
DA:17,0
DA:18,0
DA:19,0
DA:20,0
DA:22,0
DA:23,0
DA:24,0
DA:25,0
DA:26,0
LF:14
LH:0
BRDA:1,0,0,0
BRF:1
BRH:0
end_of_record
TN:
SF:src/features/social/useSocialUser.ts
FN:1,(empty-report)
FNF:1
FNH:0
FNDA:0,(empty-report)
DA:1,0
DA:6,0
DA:7,0
DA:8,0
DA:9,0
DA:10,0
DA:12,0
DA:13,0
DA:14,0
DA:16,0
DA:17,0
DA:18,0
DA:19,0
DA:21,0
DA:22,0
DA:23,0
DA:24,0
DA:25,0
DA:26,0
DA:27,0
DA:28,0
DA:29,0
DA:30,0
DA:31,0
DA:32,0
DA:33,0
DA:34,0
DA:35,0
DA:36,0
LF:29
LH:0
BRDA:1,0,0,0
BRF:1
BRH:0
end_of_record
TN:
SF:src/features/social/components/DashboardFriendsWidget.tsx
FN:15,DashboardFriendsWidget
FN:36,onClick
FNF:2
FNH:1
FNDA:9,DashboardFriendsWidget
FNDA:0,onClick
DA:1,1
DA:7,1
DA:8,1
DA:9,1
DA:10,1
DA:11,1
DA:12,1
DA:13,1
DA:15,1
DA:16,9
DA:17,9
DA:18,9
DA:20,9
DA:21,9
DA:22,9
DA:23,9
DA:24,9
DA:26,9
DA:27,9
DA:28,9
DA:29,9
DA:31,9
DA:32,9
DA:33,9
DA:34,9
DA:35,9
DA:36,9
DA:37,9
DA:38,9
DA:40,9
DA:41,0
DA:42,0
DA:43,0
DA:44,0
DA:48,0
DA:49,0
DA:50,0
DA:51,0
DA:52,0
DA:57,9
DA:58,9
DA:62,9
DA:63,9
DA:64,9
DA:65,0
DA:66,9
DA:67,0
DA:68,9
DA:69,0
DA:70,9
DA:72,9
DA:73,0
DA:74,0
DA:76,0
DA:77,0
DA:78,0
DA:81,9
DA:85,9
DA:88,9
LF:59
LH:42
BRDA:15,0,0,9
BRDA:22,1,0,0
BRDA:40,2,0,0
BRDA:40,3,0,0
BRDA:48,4,0,0
BRDA:64,5,0,0
BRDA:66,6,0,0
BRDA:68,7,0,0
BRDA:72,8,0,0
BRDA:76,9,0,0
BRF:10
BRH:1
end_of_record
TN:
SF:src/features/social/components/FriendButton.tsx
FN:1,(empty-report)
FNF:1
FNH:0
FNDA:0,(empty-report)
DA:1,0
DA:2,0
DA:3,0
DA:4,0
DA:6,0
DA:8,0
DA:9,0
DA:10,0
DA:11,0
DA:12,0
DA:18,0
DA:19,0
DA:20,0
DA:21,0
DA:23,0
DA:24,0
DA:25,0
DA:26,0
DA:29,0
DA:30,0
DA:31,0
DA:32,0
DA:33,0
DA:36,0
DA:37,0
DA:38,0
DA:39,0
DA:40,0
DA:43,0
DA:44,0
DA:45,0
DA:46,0
DA:49,0
LF:33
LH:0
BRDA:1,0,0,0
BRF:1
BRH:0
end_of_record
TN:
SF:src/features/social/components/LeaderboardRow.tsx
FN:1,(empty-report)
FNF:1
FNH:0
FNDA:0,(empty-report)
DA:1,0
DA:2,0
DA:3,0
DA:4,0
DA:5,0
DA:6,0
DA:8,0
DA:10,0
DA:11,0
DA:12,0
DA:13,0
DA:14,0
DA:15,0
DA:22,0
DA:23,0
DA:24,0
DA:25,0
DA:26,0
DA:27,0
DA:28,0
DA:30,0
DA:31,0
DA:32,0
DA:33,0
DA:34,0
DA:35,0
DA:36,0
DA:37,0
DA:38,0
DA:39,0
DA:41,0
DA:42,0
DA:43,0
DA:46,0
DA:47,0
DA:51,0
DA:52,0
DA:53,0
DA:54,0
DA:55,0
DA:56,0
DA:57,0
DA:60,0
DA:65,0
DA:66,0
DA:70,0
DA:71,0
DA:75,0
DA:76,0
DA:77,0
DA:81,0
LF:51
LH:0
BRDA:1,0,0,0
BRF:1
BRH:0
end_of_record
TN:
SF:src/features/social/components/PodiumCard.tsx
FN:1,(empty-report)
FNF:1
FNH:0
FNDA:0,(empty-report)
DA:1,0
DA:2,0
DA:3,0
DA:5,0
DA:14,0
DA:15,0
DA:16,0
DA:17,0
DA:18,0
DA:19,0
DA:20,0
DA:21,0
DA:22,0
DA:23,0
DA:24,0
DA:25,0
DA:26,0
DA:27,0
DA:28,0
DA:29,0
DA:30,0
DA:31,0
DA:32,0
DA:33,0
DA:34,0
DA:35,0
DA:36,0
DA:38,0
DA:39,0
DA:41,0
DA:42,0
DA:43,0
DA:44,0
DA:45,0
DA:46,0
DA:47,0
DA:48,0
DA:52,0
DA:53,0
DA:54,0
DA:59,0
DA:60,0
DA:61,0
DA:62,0
DA:63,0
DA:64,0
DA:67,0
DA:68,0
DA:72,0
DA:73,0
DA:74,0
DA:76,0
DA:80,0
DA:81,0
DA:82,0
DA:83,0
DA:84,0
DA:87,0
DA:91,0
DA:92,0
DA:93,0
DA:94,0
DA:95,0
DA:101,0
LF:64
LH:0
BRDA:1,0,0,0
BRF:1
BRH:0
end_of_record
TN:
SF:src/features/social/components/ProfileBlocks.tsx
FN:1,(empty-report)
FNF:1
FNH:0
FNDA:0,(empty-report)
DA:1,0
DA:2,0
DA:3,0
DA:4,0
DA:5,0
DA:7,0
DA:9,0
DA:10,0
DA:11,0
DA:12,0
DA:13,0
DA:14,0
DA:15,0
DA:18,0
DA:20,0
DA:21,0
DA:22,0
DA:23,0
DA:24,0
DA:25,0
DA:26,0
DA:27,0
DA:32,0
DA:34,0
DA:35,0
DA:36,0
DA:40,0
DA:41,0
DA:42,0
DA:43,0
DA:44,0
DA:45,0
DA:47,0
DA:48,0
DA:49,0
DA:50,0
DA:51,0
DA:52,0
DA:53,0
DA:56,0
DA:57,0
DA:64,0
DA:66,0
DA:67,0
DA:68,0
DA:69,0
DA:70,0
DA:71,0
DA:73,0
DA:74,0
DA:75,0
DA:76,0
DA:77,0
DA:78,0
DA:80,0
DA:81,0
DA:88,0
DA:90,0
DA:91,0
DA:92,0
DA:93,0
DA:94,0
DA:98,0
DA:100,0
DA:101,0
DA:102,0
DA:103,0
DA:104,0
DA:105,0
DA:106,0
DA:108,0
DA:109,0
DA:110,0
DA:111,0
DA:117,0
DA:119,0
DA:120,0
DA:121,0
DA:122,0
DA:125,0
LF:80
LH:0
BRDA:1,0,0,0
BRF:1
BRH:0
end_of_record
TN:
SF:src/features/social/components/atoms.tsx
FN:14,Avatar
FN:70,OnlineDot
FN:102,RoleBadge
FN:115,RoleBadges
FN:125,InstitutionBadge
FN:133,VerifiedInstitution
FN:146,StreakValue
FN:158,Panel
FN:166,StatTile
FN:177,SectionHeading
FNF:10
FNH:0
FNDA:0,Avatar
FNDA:0,OnlineDot
FNDA:0,RoleBadge
FNDA:0,RoleBadges
FNDA:0,InstitutionBadge
FNDA:0,VerifiedInstitution
FNDA:0,StreakValue
FNDA:0,Panel
FNDA:0,StatTile
FNDA:0,SectionHeading
DA:1,1
DA:2,1
DA:4,1
DA:5,1
DA:6,1
DA:7,1
DA:8,1
DA:10,1
DA:12,1
DA:14,1
DA:15,0
DA:16,0
DA:17,0
DA:18,0
DA:19,0
DA:29,0
DA:30,0
DA:31,0
DA:32,0
DA:33,0
DA:35,0
DA:36,0
DA:37,0
DA:38,0
DA:40,0
DA:41,0
DA:43,0
DA:44,0
DA:50,0
DA:51,0
DA:52,0
DA:53,0
DA:54,0
DA:57,0
DA:59,0
DA:60,0
DA:61,0
DA:66,0
DA:68,1
DA:70,1
DA:71,0
DA:72,0
DA:73,0
DA:78,0
DA:79,0
DA:80,0
DA:81,0
DA:82,0
DA:84,0
DA:85,0
DA:86,0
DA:90,0
DA:92,1
DA:94,1
DA:95,1
DA:96,1
DA:97,1
DA:98,1
DA:99,1
DA:100,1
DA:102,1
DA:103,0
DA:104,0
DA:105,0
DA:106,0
DA:107,0
DA:108,0
DA:110,0
DA:113,0
DA:115,1
DA:116,0
DA:117,0
DA:118,0
DA:119,0
DA:123,0
DA:125,1
DA:126,0
DA:127,0
DA:128,0
DA:131,0
DA:133,1
DA:134,0
DA:135,0
DA:136,0
DA:137,0
DA:139,0
DA:142,0
DA:144,1
DA:146,1
DA:147,0
DA:148,0
DA:149,0
DA:150,0
DA:151,0
DA:154,0
DA:156,1
DA:158,1
DA:159,0
DA:160,0
DA:161,0
DA:164,0
DA:166,1
DA:167,0
DA:168,0
DA:169,0
DA:170,0
DA:171,0
DA:175,0
DA:177,1
DA:178,0
DA:179,0
DA:180,0
DA:181,0
DA:184,0
LF:114
LH:30
BRF:0
BRH:0
end_of_record
TN:
SF:src/features/social/pages/FindFriends.tsx
FN:1,(empty-report)
FNF:1
FNH:0
FNDA:0,(empty-report)
DA:1,0
DA:2,0
DA:3,0
DA:4,0
DA:5,0
DA:6,0
DA:7,0
DA:8,0
DA:9,0
DA:10,0
DA:11,0
DA:12,0
DA:14,0
DA:15,0
DA:16,0
DA:17,0
DA:18,0
DA:19,0
DA:20,0
DA:21,0
DA:22,0
DA:23,0
DA:25,0
DA:26,0
DA:29,0
DA:30,0
DA:31,0
DA:32,0
DA:34,0
DA:35,0
DA:38,0
DA:42,0
DA:44,0
DA:45,0
DA:46,0
DA:47,0
DA:48,0
DA:49,0
DA:50,0
DA:52,0
DA:53,0
DA:54,0
DA:55,0
DA:56,0
DA:58,0
DA:59,0
DA:60,0
DA:61,0
DA:62,0
DA:63,0
DA:65,0
DA:66,0
DA:67,0
DA:69,0
DA:70,0
DA:71,0
DA:72,0
DA:75,0
DA:76,0
DA:77,0
DA:81,0
DA:82,0
DA:83,0
DA:84,0
DA:85,0
DA:86,0
DA:87,0
DA:88,0
DA:90,0
DA:93,0
DA:94,0
DA:95,0
DA:96,0
DA:97,0
DA:98,0
DA:101,0
DA:102,0
DA:103,0
DA:104,0
DA:105,0
DA:108,0
DA:109,0
DA:110,0
DA:111,0
DA:112,0
DA:115,0
DA:117,0
DA:120,0
DA:121,0
DA:122,0
DA:123,0
DA:124,0
DA:126,0
DA:127,0
DA:129,0
DA:130,0
DA:136,0
DA:137,0
DA:139,0
DA:140,0
DA:145,0
LF:101
LH:0
BRDA:1,0,0,0
BRF:1
BRH:0
end_of_record
TN:
SF:src/features/social/pages/FriendProfile.tsx
FN:1,(empty-report)
FNF:1
FNH:0
FNDA:0,(empty-report)
DA:1,0
DA:2,0
DA:3,0
DA:4,0
DA:5,0
DA:7,0
DA:8,0
DA:9,0
DA:10,0
DA:11,0
DA:12,0
DA:14,0
DA:15,0
DA:16,0
DA:17,0
DA:18,0
DA:19,0
DA:20,0
DA:21,0
DA:23,0
DA:25,0
DA:26,0
DA:27,0
DA:28,0
DA:31,0
DA:33,0
DA:34,0
DA:35,0
DA:36,0
DA:37,0
DA:38,0
DA:42,0
DA:44,0
DA:45,0
DA:46,0
DA:47,0
DA:48,0
DA:49,0
DA:51,0
DA:52,0
DA:53,0
DA:54,0
DA:57,0
DA:58,0
DA:59,0
DA:60,0
DA:61,0
DA:62,0
DA:63,0
DA:64,0
DA:66,0
DA:67,0
DA:68,0
DA:72,0
DA:73,0
DA:74,0
DA:75,0
DA:77,0
DA:78,0
DA:82,0
DA:85,0
DA:86,0
DA:88,0
DA:89,0
DA:90,0
DA:95,0
DA:97,0
DA:99,0
DA:100,0
DA:102,0
DA:103,0
DA:104,0
DA:108,0
DA:109,0
DA:110,0
DA:111,0
DA:113,0
DA:119,0
LF:78
LH:0
BRDA:1,0,0,0
BRF:1
BRH:0
end_of_record
TN:
SF:src/features/social/pages/FriendRequests.tsx
FN:1,(empty-report)
FNF:1
FNH:0
FNDA:0,(empty-report)
DA:1,0
DA:2,0
DA:3,0
DA:4,0
DA:5,0
DA:6,0
DA:7,0
DA:8,0
DA:9,0
DA:13,0
DA:14,0
DA:15,0
DA:16,0
DA:18,0
DA:19,0
DA:20,0
DA:22,0
DA:23,0
DA:24,0
DA:28,0
DA:29,0
DA:30,0
DA:31,0
DA:35,0
DA:36,0
DA:37,0
DA:38,0
DA:39,0
DA:42,0
DA:43,0
DA:44,0
DA:45,0
DA:46,0
DA:47,0
DA:48,0
DA:49,0
DA:50,0
DA:51,0
DA:53,0
DA:54,0
DA:55,0
DA:56,0
DA:57,0
DA:58,0
DA:61,0
DA:62,0
DA:63,0
DA:64,0
DA:65,0
DA:67,0
DA:68,0
DA:72,0
DA:73,0
DA:85,0
LF:54
LH:0
BRDA:1,0,0,0
BRF:1
BRH:0
end_of_record
TN:
SF:src/features/social/pages/FriendsHub.tsx
FN:1,(empty-report)
FNF:1
FNH:0
FNDA:0,(empty-report)
DA:1,0
DA:2,0
DA:3,0
DA:4,0
DA:5,0
DA:6,0
DA:7,0
DA:9,0
DA:10,0
DA:11,0
DA:13,0
DA:14,0
DA:15,0
DA:17,0
DA:18,0
DA:19,0
DA:20,0
DA:21,0
DA:22,0
DA:24,0
DA:25,0
DA:26,0
DA:29,0
DA:30,0
DA:31,0
DA:36,0
DA:37,0
DA:38,0
DA:39,0
DA:40,0
DA:41,0
DA:43,0
DA:46,0
DA:47,0
DA:48,0
DA:49,0
DA:50,0
DA:51,0
DA:52,0
DA:55,0
DA:56,0
DA:57,0
DA:58,0
DA:59,0
DA:60,0
DA:62,0
DA:63,0
DA:64,0
DA:65,0
DA:73,0
DA:74,0
DA:75,0
DA:78,0
DA:79,0
DA:80,0
DA:82,0
DA:83,0
DA:84,0
DA:85,0
DA:86,0
DA:87,0
DA:89,0
DA:90,0
DA:98,0
DA:99,0
DA:100,0
DA:101,0
DA:102,0
DA:105,0
DA:108,0
DA:109,0
DA:110,0
DA:112,0
DA:113,0
DA:114,0
DA:115,0
DA:116,0
DA:117,0
DA:129,0
LF:79
LH:0
BRDA:1,0,0,0
BRF:1
BRH:0
end_of_record
TN:
SF:src/features/social/pages/SocialProfile.tsx
FN:1,(empty-report)
FNF:1
FNH:0
FNDA:0,(empty-report)
DA:1,0
DA:2,0
DA:3,0
DA:4,0
DA:5,0
DA:6,0
DA:7,0
DA:8,0
DA:9,0
DA:10,0
DA:11,0
DA:12,0
DA:13,0
DA:14,0
DA:16,0
DA:17,0
DA:18,0
DA:19,0
DA:20,0
DA:21,0
DA:22,0
DA:24,0
DA:25,0
DA:26,0
DA:27,0
DA:29,0
DA:30,0
DA:31,0
DA:32,0
DA:33,0
DA:34,0
DA:35,0
DA:36,0
DA:37,0
DA:38,0
DA:40,0
DA:41,0
DA:42,0
DA:44,0
DA:48,0
DA:49,0
DA:53,0
DA:55,0
DA:56,0
DA:60,0
DA:61,0
DA:62,0
DA:65,0
DA:67,0
DA:71,0
DA:73,0
DA:74,0
DA:75,0
DA:76,0
DA:81,0
DA:82,0
DA:83,0
DA:84,0
DA:86,0
DA:87,0
DA:89,0
DA:90,0
DA:91,0
DA:92,0
DA:93,0
DA:94,0
DA:95,0
DA:96,0
DA:97,0
DA:98,0
DA:99,0
DA:100,0
DA:101,0
DA:104,0
DA:108,0
DA:109,0
DA:110,0
DA:111,0
DA:112,0
DA:113,0
DA:115,0
DA:120,0
DA:122,0
DA:123,0
DA:124,0
DA:125,0
DA:126,0
DA:127,0
DA:128,0
DA:129,0
DA:130,0
DA:131,0
DA:132,0
DA:133,0
DA:134,0
DA:135,0
DA:137,0
DA:140,0
DA:144,0
LF:99
LH:0
BRDA:1,0,0,0
BRF:1
BRH:0
end_of_record
TN:
SF:src/features/student/courseSchedules.ts
FN:139,getCourseSchedule
FNF:1
FNH:1
FNDA:1,getCourseSchedule
DA:1,1
DA:9,1
DA:43,1
DA:44,1
DA:45,1
DA:46,1
DA:47,1
DA:48,1
DA:49,1
DA:50,1
DA:51,1
DA:52,1
DA:53,1
DA:54,1
DA:55,1
DA:56,1
DA:57,1
DA:58,1
DA:59,1
DA:60,1
DA:61,1
DA:62,1
DA:63,1
DA:64,1
DA:65,1
DA:66,1
DA:67,1
DA:68,1
DA:69,1
DA:70,1
DA:71,1
DA:72,1
DA:73,1
DA:74,1
DA:75,1
DA:76,1
DA:77,1
DA:78,1
DA:79,1
DA:80,1
DA:81,1
DA:82,1
DA:83,1
DA:84,1
DA:85,1
DA:86,1
DA:87,1
DA:88,1
DA:89,1
DA:90,1
DA:91,1
DA:92,1
DA:93,1
DA:94,1
DA:95,1
DA:96,1
DA:97,1
DA:98,1
DA:99,1
DA:100,1
DA:101,1
DA:102,1
DA:103,1
DA:104,1
DA:105,1
DA:106,1
DA:107,1
DA:108,1
DA:109,1
DA:110,1
DA:111,1
DA:112,1
DA:113,1
DA:114,1
DA:115,1
DA:116,1
DA:117,1
DA:118,1
DA:119,1
DA:120,1
DA:121,1
DA:122,1
DA:123,1
DA:124,1
DA:125,1
DA:126,1
DA:127,1
DA:128,1
DA:129,1
DA:130,1
DA:131,1
DA:132,1
DA:133,1
DA:134,1
DA:136,1
DA:138,1
DA:139,1
DA:140,1
DA:141,1
DA:142,1
LF:100
LH:100
BRDA:139,0,0,1
BRDA:140,1,0,0
BRF:2
BRH:1
end_of_record
TN:
SF:src/features/student/homeFeed.ts
FN:39,indexProgress
FN:45,toLectureView
FN:66,buildViews
FN:71,recencyOf
FN:79,bySequence
FN:120,selectHero
FN:167,selectNextUp
FN:179,courseScore
FN:232,buildWidgets
FN:278,buildCourseProgress
FN:321,buildRows
FN:356,completedByCourse
FN:409,buildRecentlyViewed
FNF:13
FNH:13
FNDA:20,indexProgress
FNDA:48,toLectureView
FNDA:41,buildViews
FNDA:4,recencyOf
FNDA:2,bySequence
FNDA:12,selectHero
FNDA:15,selectNextUp
FNDA:2,courseScore
FNDA:12,buildWidgets
FNDA:12,buildCourseProgress
FNDA:10,buildRows
FNDA:2,completedByCourse
FNDA:7,buildRecentlyViewed
DA:1,1
DA:11,1
DA:12,1
DA:38,1
DA:39,1
DA:40,20
DA:41,20
DA:42,20
DA:43,20
DA:45,1
DA:46,48
DA:47,48
DA:49,48
DA:50,48
DA:51,48
DA:52,48
DA:53,0
DA:54,48
DA:55,48
DA:56,48
DA:58,48
DA:59,48
DA:60,48
DA:61,48
DA:62,48
DA:63,48
DA:64,48
DA:66,41
DA:67,41
DA:68,41
DA:70,1
DA:71,4
DA:72,4
DA:73,4
DA:74,4
DA:75,4
DA:76,4
DA:78,1
DA:79,2
DA:80,2
DA:81,1
DA:82,1
DA:98,1
DA:99,1
DA:100,1
DA:101,1
DA:102,1
DA:103,1
DA:105,1
DA:106,1
DA:107,1
DA:108,1
DA:109,1
DA:110,1
DA:112,1
DA:119,1
DA:120,1
DA:121,12
DA:122,12
DA:124,7
DA:125,7
DA:126,7
DA:127,7
DA:128,10
DA:129,1
DA:130,1
DA:131,1
DA:132,1
DA:133,1
DA:134,1
DA:135,1
DA:136,1
DA:137,1
DA:138,1
DA:140,6
DA:141,6
DA:142,6
DA:143,10
DA:144,3
DA:145,3
DA:146,3
DA:148,3
DA:149,3
DA:150,3
DA:151,10
DA:152,1
DA:153,1
DA:155,2
DA:156,2
DA:157,2
DA:158,2
DA:159,2
DA:160,2
DA:162,1
DA:166,1
DA:167,15
DA:168,15
DA:169,15
DA:171,5
DA:172,5
DA:173,9
DA:174,8
DA:175,6
DA:176,8
DA:177,8
DA:179,5
DA:181,5
DA:182,1
DA:183,1
DA:184,0
DA:185,5
DA:186,5
DA:229,1
DA:230,1
DA:232,1
DA:233,12
DA:234,12
DA:235,12
DA:236,12
DA:238,12
DA:239,12
DA:241,12
DA:242,12
DA:243,12
DA:244,12
DA:245,12
DA:246,12
DA:247,12
DA:248,12
DA:250,12
DA:251,12
DA:252,12
DA:253,12
DA:254,12
DA:255,12
DA:256,12
DA:257,12
DA:259,12
DA:260,12
DA:261,12
DA:263,12
DA:264,12
DA:265,12
DA:266,4
DA:267,4
DA:268,4
DA:269,4
DA:270,4
DA:271,4
DA:272,4
DA:273,4
DA:275,12
DA:276,12
DA:278,12
DA:279,12
DA:280,12
DA:281,7
DA:282,7
DA:283,7
DA:284,7
DA:285,6
DA:286,6
DA:287,6
DA:288,7
DA:289,7
DA:290,7
DA:291,12
DA:292,12
DA:293,12
DA:294,12
DA:295,0
DA:296,0
DA:297,12
DA:308,1
DA:320,1
DA:321,1
DA:322,10
DA:323,10
DA:324,10
DA:326,10
DA:327,10
DA:329,10
DA:330,10
DA:331,10
DA:332,10
DA:333,1
DA:334,1
DA:336,10
DA:337,10
DA:338,10
DA:339,0
DA:340,0
DA:341,0
DA:343,10
DA:344,10
DA:345,10
DA:346,9
DA:347,9
DA:348,9
DA:349,9
DA:350,8
DA:351,8
DA:352,8
DA:353,9
DA:354,9
DA:356,10
DA:357,2
DA:359,10
DA:360,10
DA:361,10
DA:362,1
DA:363,1
DA:364,1
DA:365,1
DA:366,1
DA:367,1
DA:369,10
DA:370,6
DA:371,6
DA:372,6
DA:373,6
DA:374,6
DA:375,6
DA:376,6
DA:377,6
DA:379,10
DA:380,10
DA:394,1
DA:408,1
DA:409,1
DA:410,7
DA:411,7
DA:412,7
DA:413,7
DA:414,7
DA:416,7
DA:418,7
DA:419,7
DA:420,7
DA:421,3
DA:422,0
DA:423,0
DA:424,0
DA:425,0
DA:426,7
DA:427,7
DA:429,7
DA:430,0
DA:431,0
DA:432,0
DA:433,0
DA:434,0
DA:435,0
DA:437,7
DA:438,7
DA:439,7
DA:440,7
DA:441,3
DA:442,3
DA:443,3
DA:444,3
DA:445,3
DA:446,3
DA:447,3
DA:448,3
DA:449,3
DA:450,3
DA:451,3
DA:452,0
DA:453,3
DA:454,3
DA:455,3
DA:456,3
DA:457,3
DA:459,7
DA:460,7
DA:461,7
DA:462,7
DA:465,7
DA:466,7
DA:467,7
DA:469,7
DA:470,0
DA:471,0
DA:472,0
DA:473,0
DA:474,0
DA:475,0
DA:476,0
DA:477,0
DA:478,0
DA:479,0
DA:480,0
DA:481,0
DA:482,0
DA:484,7
DA:485,7
DA:486,7
DA:487,7
DA:488,7
LF:300
LH:269
BRDA:39,0,0,20
BRDA:41,1,0,10
BRDA:45,2,0,48
BRDA:47,3,0,0
BRDA:52,4,0,20
BRDA:52,5,0,0
BRDA:52,6,0,0
BRDA:55,7,0,20
BRDA:55,8,0,28
BRDA:58,9,0,47
BRDA:58,10,0,1
BRDA:59,11,0,15
BRDA:59,12,0,33
BRDA:59,13,0,5
BRDA:59,14,0,28
BRDA:60,15,0,20
BRDA:60,16,0,28
BRDA:61,17,0,12
BRDA:61,18,0,0
BRDA:61,19,0,36
BRDA:62,20,0,6
BRDA:62,21,0,42
BRDA:66,22,0,41
BRDA:67,23,0,31
BRDA:71,24,0,4
BRDA:72,25,0,0
BRDA:73,26,0,0
BRDA:75,27,0,0
BRDA:79,28,0,2
BRDA:80,29,0,1
BRDA:120,30,0,12
BRDA:122,31,0,5
BRDA:122,32,0,10
BRDA:122,33,0,7
BRDA:128,34,0,1
BRDA:130,35,0,0
BRDA:135,36,0,0
BRDA:138,37,0,6
BRDA:143,38,0,3
BRDA:151,39,0,6
BRDA:151,40,0,1
BRDA:153,41,0,2
BRDA:126,42,0,12
BRDA:127,43,0,1
BRDA:142,44,0,7
BRDA:157,45,0,3
BRDA:158,46,0,1
BRDA:167,47,0,15
BRDA:169,48,0,10
BRDA:169,49,0,9
BRDA:169,50,0,5
BRDA:173,51,0,8
BRDA:174,52,0,6
BRDA:174,53,0,2
BRDA:175,54,0,0
BRDA:176,55,0,2
BRDA:177,56,0,5
BRDA:168,57,0,13
BRDA:179,58,0,2
BRDA:179,59,0,0
BRDA:179,60,0,1
BRDA:181,61,0,1
BRDA:183,62,0,0
BRDA:232,63,0,12
BRDA:244,64,0,10
BRDA:244,65,0,2
BRDA:245,66,0,10
BRDA:245,67,0,2
BRDA:246,68,0,10
BRDA:246,69,0,2
BRDA:247,70,0,10
BRDA:247,71,0,2
BRDA:255,72,0,10
BRDA:255,73,0,2
BRDA:256,74,0,10
BRDA:256,75,0,2
BRDA:261,76,0,4
BRDA:265,77,0,4
BRDA:271,78,0,0
BRDA:266,79,0,4
BRDA:267,80,0,4
BRDA:278,81,0,12
BRDA:280,82,0,7
BRDA:281,83,0,2
BRDA:282,84,0,5
BRDA:282,85,0,2
BRDA:284,86,0,6
BRDA:285,87,0,4
BRDA:289,88,0,3
BRDA:292,89,0,4
BRDA:292,90,0,0
BRDA:291,91,0,6
BRDA:321,92,0,10
BRDA:332,93,0,1
BRDA:338,94,0,0
BRDA:345,95,0,9
BRDA:346,96,0,2
BRDA:347,97,0,7
BRDA:347,98,0,2
BRDA:349,99,0,8
BRDA:369,100,0,6
BRDA:330,101,0,9
BRDA:331,102,0,1
BRDA:356,103,0,2
BRDA:357,104,0,0
BRDA:357,105,0,3
BRDA:360,106,0,8
BRDA:361,107,0,1
BRDA:364,108,0,0
BRDA:409,109,0,7
BRDA:429,110,0,0
BRDA:440,111,0,3
BRDA:441,112,0,0
BRDA:451,113,0,1
BRDA:451,114,0,0
BRDA:451,115,0,0
BRDA:453,116,0,1
BRDA:453,117,0,2
BRDA:454,118,0,1
BRDA:455,119,0,1
BRDA:455,120,0,2
BRDA:456,121,0,1
BRDA:469,122,0,0
BRDA:420,123,0,3
BRDA:421,124,0,1
BRDA:421,125,0,0
BRF:126
BRH:103
end_of_record
TN:
SF:src/features/student/components/BentoGrid.tsx
FN:23,Cell
FN:45,Cell.onKeyDown
FN:52,ProgressRing
FN:82,StreakCell
FN:111,TrophiesCell
FN:144,UpNextCell
FN:174,CourseProgressCell
FN:207,BentoGrid
FNF:8
FNH:6
FNDA:3,Cell
FNDA:0,Cell.onKeyDown
FNDA:1,ProgressRing
FNDA:1,StreakCell
FNDA:1,TrophiesCell
FNDA:0,UpNextCell
FNDA:1,CourseProgressCell
FNDA:1,BentoGrid
DA:1,1
DA:2,1
DA:3,1
DA:4,1
DA:13,1
DA:14,1
DA:22,1
DA:23,3
DA:24,3
DA:25,3
DA:26,3
DA:27,3
DA:33,3
DA:34,3
DA:35,3
DA:36,3
DA:37,3
DA:38,3
DA:39,3
DA:40,3
DA:41,3
DA:42,3
DA:43,3
DA:44,3
DA:45,3
DA:47,3
DA:50,3
DA:52,1
DA:53,1
DA:54,1
DA:55,1
DA:56,1
DA:57,1
DA:58,1
DA:59,1
DA:60,1
DA:61,1
DA:62,1
DA:63,1
DA:64,1
DA:65,1
DA:66,1
DA:67,1
DA:68,1
DA:70,1
DA:71,1
DA:72,1
DA:73,1
DA:77,1
DA:80,1
DA:82,1
DA:83,1
DA:84,1
DA:85,1
DA:86,1
DA:87,1
DA:88,1
DA:90,1
DA:91,1
DA:92,1
DA:94,1
DA:95,1
DA:96,1
DA:97,1
DA:99,1
DA:100,1
DA:101,1
DA:102,1
DA:105,1
DA:109,1
DA:111,1
DA:112,1
DA:113,1
DA:114,1
DA:115,1
DA:116,1
DA:118,1
DA:119,1
DA:120,1
DA:122,1
DA:123,0
DA:124,0
DA:125,0
DA:126,0
DA:127,0
DA:128,0
DA:130,0
DA:133,0
DA:134,0
DA:138,1
DA:142,1
DA:144,0
DA:145,0
DA:146,0
DA:147,0
DA:148,0
DA:149,0
DA:150,0
DA:151,0
DA:152,0
DA:153,0
DA:154,0
DA:155,0
DA:158,0
DA:159,0
DA:160,0
DA:161,0
DA:162,0
DA:163,0
DA:166,0
DA:167,0
DA:172,0
DA:174,1
DA:175,1
DA:176,1
DA:177,1
DA:178,1
DA:179,1
DA:181,1
DA:182,1
DA:183,1
DA:184,1
DA:185,1
DA:186,1
DA:187,1
DA:190,1
DA:191,1
DA:192,1
DA:193,1
DA:201,1
DA:203,1
DA:206,1
DA:207,1
DA:208,1
DA:209,1
DA:210,1
DA:211,1
DA:212,3
DA:213,3
DA:214,3
DA:215,3
DA:216,3
DA:217,3
DA:218,3
DA:219,3
DA:220,3
DA:221,3
DA:222,0
DA:223,3
DA:224,3
DA:227,1
LF:151
LH:120
BRDA:23,0,0,3
BRDA:40,1,0,1
BRDA:42,2,0,1
BRDA:42,3,0,2
BRDA:43,4,0,1
BRDA:43,5,0,2
BRDA:45,6,0,1
BRDA:45,7,0,2
BRDA:52,8,0,1
BRDA:82,9,0,1
BRDA:88,10,0,0
BRDA:111,11,0,1
BRDA:122,12,0,0
BRDA:174,13,0,1
BRDA:207,14,0,1
BRDA:208,15,0,0
BRDA:211,16,0,3
BRDA:221,17,0,0
BRF:18
BRH:14
end_of_record
TN:
SF:src/features/student/components/BrowseRow.tsx
FN:17,BrowseRow
FN:34,onClick
FNF:2
FNH:1
FNDA:1,BrowseRow
FNDA:0,onClick
DA:1,1
DA:2,1
DA:3,1
DA:4,1
DA:12,1
DA:16,1
DA:17,1
DA:18,1
DA:19,1
DA:20,1
DA:21,1
DA:22,1
DA:23,1
DA:24,1
DA:26,1
DA:27,1
DA:28,1
DA:29,1
DA:30,1
DA:31,1
DA:32,1
DA:33,1
DA:34,1
DA:35,1
DA:36,1
DA:37,1
DA:39,1
DA:40,1
DA:41,1
DA:42,1
DA:43,1
DA:44,1
DA:45,1
DA:49,1
DA:53,1
LF:35
LH:35
BRDA:17,0,0,1
BRDA:18,1,0,0
BRDA:26,2,0,1
BRDA:45,3,0,0
BRF:4
BRH:2
end_of_record
TN:
SF:src/features/student/components/CourseCatalogSheet.tsx
FN:27,CourseCatalogSheet
FN:40,queryFn
FN:48,onMutate
FN:51,onSuccess
FN:60,onError
FN:63,onSettled
FN:68,handleEnroll
FN:73,onOpenChange
FNF:8
FNH:1
FNDA:1,CourseCatalogSheet
FNDA:0,queryFn
FNDA:0,onMutate
FNDA:0,onSuccess
FNDA:0,onError
FNDA:0,onSettled
FNDA:0,handleEnroll
FNDA:0,onOpenChange
DA:1,1
DA:2,1
DA:3,1
DA:4,1
DA:5,1
DA:12,1
DA:13,1
DA:14,1
DA:15,1
DA:16,1
DA:17,1
DA:18,1
DA:27,1
DA:28,1
DA:29,1
DA:30,1
DA:32,1
DA:33,1
DA:34,1
DA:35,1
DA:36,1
DA:38,1
DA:39,1
DA:40,1
DA:41,1
DA:42,1
DA:43,1
DA:44,1
DA:46,1
DA:47,1
DA:48,1
DA:49,0
DA:50,0
DA:51,1
DA:52,0
DA:53,0
DA:54,0
DA:55,0
DA:56,0
DA:57,0
DA:58,0
DA:59,0
DA:60,1
DA:61,0
DA:62,0
DA:63,1
DA:64,0
DA:65,0
DA:66,1
DA:68,1
DA:69,0
DA:70,0
DA:72,1
DA:73,1
DA:74,1
DA:75,1
DA:76,1
DA:77,1
DA:78,1
DA:80,1
DA:84,1
DA:87,1
DA:92,1
DA:93,1
DA:94,1
DA:95,1
DA:96,1
DA:97,1
DA:98,1
DA:100,1
DA:101,0
DA:102,0
DA:103,0
DA:104,0
DA:105,0
DA:106,0
DA:107,0
DA:109,0
DA:110,0
DA:112,0
DA:113,0
DA:114,0
DA:116,0
DA:117,0
DA:118,0
DA:119,0
DA:120,0
DA:122,0
DA:123,0
DA:127,0
DA:128,0
DA:129,0
DA:130,0
DA:132,0
DA:138,0
DA:139,1
DA:140,1
DA:141,1
DA:145,1
DA:146,1
DA:147,1
DA:148,1
DA:153,1
DA:154,1
DA:159,1
DA:160,1
DA:161,1
DA:162,1
DA:163,1
DA:167,1
DA:168,0
DA:169,0
DA:170,0
DA:171,0
DA:173,0
DA:174,0
DA:175,0
DA:176,0
DA:178,0
DA:179,0
DA:182,0
DA:183,0
DA:184,0
DA:186,0
DA:187,0
DA:188,0
DA:190,0
DA:191,0
DA:192,0
DA:195,0
DA:196,0
DA:197,0
DA:198,0
DA:204,0
DA:205,0
DA:206,0
DA:207,0
DA:208,0
DA:209,0
DA:210,0
DA:211,0
DA:214,0
DA:215,0
DA:216,0
DA:219,0
DA:220,0
DA:222,0
DA:223,0
DA:230,0
DA:236,1
LF:150
LH:70
BRDA:27,0,0,1
BRDA:153,1,0,0
BRDA:159,2,0,0
BRDA:167,3,0,0
BRF:4
BRH:1
end_of_record
TN:
SF:src/features/student/components/CourseDetailsSheet.tsx
FN:45,CourseDetailsSheet
FN:60,onOpenChange
FN:189,onClick
FNF:3
FNH:1
FNDA:1,CourseDetailsSheet
FNDA:0,onOpenChange
FNDA:0,onClick
DA:2,1
DA:3,1
DA:16,1
DA:24,1
DA:25,1
DA:26,1
DA:45,1
DA:46,1
DA:47,1
DA:48,1
DA:49,1
DA:50,1
DA:51,1
DA:52,1
DA:53,1
DA:54,1
DA:55,1
DA:56,1
DA:57,1
DA:58,1
DA:59,1
DA:60,1
DA:61,1
DA:62,1
DA:63,1
DA:64,1
DA:68,1
DA:69,1
DA:71,1
DA:72,1
DA:75,1
DA:78,1
DA:79,1
DA:80,1
DA:81,1
DA:82,1
DA:83,1
DA:85,1
DA:88,1
DA:89,1
DA:90,1
DA:95,1
DA:96,1
DA:98,1
DA:99,1
DA:100,1
DA:101,1
DA:104,1
DA:105,1
DA:106,1
DA:107,1
DA:108,1
DA:115,1
DA:116,1
DA:117,1
DA:118,1
DA:119,1
DA:120,1
DA:121,1
DA:123,1
DA:124,1
DA:125,0
DA:126,0
DA:127,0
DA:128,0
DA:129,0
DA:130,0
DA:132,0
DA:133,0
DA:134,0
DA:135,0
DA:136,0
DA:139,0
DA:140,0
DA:141,0
DA:142,0
DA:144,0
DA:145,0
DA:146,0
DA:148,0
DA:149,0
DA:150,0
DA:151,0
DA:152,0
DA:153,0
DA:156,0
DA:157,0
DA:158,0
DA:159,0
DA:165,0
DA:171,1
DA:173,1
DA:174,1
DA:175,1
DA:176,1
DA:177,1
DA:181,1
DA:182,1
DA:183,1
DA:184,1
DA:186,1
DA:187,1
DA:188,1
DA:189,1
DA:190,1
DA:191,1
DA:192,1
DA:193,1
DA:194,1
DA:197,1
DA:198,1
DA:199,1
DA:200,0
DA:201,0
DA:202,1
DA:204,1
DA:205,1
DA:209,1
DA:210,1
DA:211,1
DA:213,1
DA:214,1
DA:219,1
DA:220,1
DA:221,1
DA:223,1
DA:224,1
DA:229,1
DA:231,1
DA:232,1
DA:243,1
LF:131
LH:100
BRDA:45,0,0,1
BRDA:72,1,0,0
BRDA:78,2,0,0
BRDA:182,3,0,1
BRDA:193,4,0,0
BRDA:194,5,0,0
BRDA:199,6,0,0
BRDA:210,7,0,0
BRF:8
BRH:2
end_of_record
TN:
SF:src/features/student/components/HeroStage.tsx
FN:22,HeroStage
FNF:1
FNH:1
FNDA:5,HeroStage
DA:1,1
DA:2,1
DA:17,1
DA:21,1
DA:22,1
DA:23,5
DA:25,5
DA:26,5
DA:27,5
DA:28,5
DA:29,5
DA:30,5
DA:31,5
DA:32,5
DA:33,5
DA:35,5
DA:36,5
DA:37,5
DA:39,5
DA:40,5
DA:41,5
DA:42,5
DA:43,5
DA:45,5
DA:47,5
DA:48,5
DA:49,5
DA:52,5
DA:53,5
DA:58,5
LF:30
LH:30
BRDA:22,0,0,5
BRDA:49,1,0,0
BRF:2
BRH:1
end_of_record
TN:
SF:src/features/student/components/InlineLecturePlayer.tsx
FN:125,InlineLecturePlayer
FNF:1
FNH:0
FNDA:0,InlineLecturePlayer
DA:1,1
DA:13,1
DA:14,1
DA:15,1
DA:16,1
DA:17,1
DA:18,1
DA:19,1
DA:20,1
DA:21,1
DA:22,1
DA:23,1
DA:43,1
DA:45,1
DA:51,1
DA:56,1
DA:57,1
DA:58,1
DA:59,1
DA:60,1
DA:61,1
DA:62,1
DA:63,1
DA:64,1
DA:65,1
DA:67,1
DA:68,1
DA:69,1
DA:71,1
DA:72,1
DA:73,1
DA:74,1
DA:75,1
DA:89,1
DA:93,1
DA:94,1
DA:95,1
DA:96,1
DA:97,1
DA:98,1
DA:99,1
DA:100,1
DA:101,1
DA:102,1
DA:103,1
DA:104,1
DA:105,1
DA:106,1
DA:107,1
DA:108,1
DA:109,1
DA:110,1
DA:111,1
DA:112,1
DA:113,1
DA:114,1
DA:115,1
DA:116,1
DA:117,1
DA:118,1
DA:119,1
DA:120,1
DA:121,1
DA:122,1
DA:123,1
DA:125,1
DA:126,0
DA:127,0
DA:128,0
DA:129,0
DA:130,0
DA:131,0
DA:132,0
DA:133,0
DA:134,0
DA:135,0
DA:136,0
DA:137,0
DA:138,0
DA:139,0
DA:141,0
DA:142,0
DA:144,0
DA:145,0
DA:146,0
DA:147,0
DA:148,0
DA:149,0
DA:151,0
DA:152,0
DA:153,0
DA:154,0
DA:155,0
DA:156,0
DA:157,0
DA:158,0
DA:162,0
DA:163,0
DA:164,0
DA:165,0
DA:166,0
DA:167,0
DA:168,0
DA:170,0
DA:171,0
DA:172,0
DA:173,0
DA:174,0
DA:175,0
DA:176,0
DA:177,0
DA:179,0
DA:180,0
DA:181,0
DA:183,0
DA:184,0
DA:185,0
DA:186,0
DA:187,0
DA:188,0
DA:189,0
DA:191,0
DA:192,0
DA:193,0
DA:194,0
DA:195,0
DA:196,0
DA:197,0
DA:198,0
DA:199,0
DA:200,0
DA:201,0
DA:203,0
DA:204,0
DA:205,0
DA:206,0
DA:207,0
DA:208,0
DA:209,0
DA:210,0
DA:212,0
DA:213,0
DA:214,0
DA:215,0
DA:216,0
DA:217,0
DA:218,0
DA:219,0
DA:220,0
DA:221,0
DA:222,0
DA:223,0
DA:224,0
DA:225,0
DA:226,0
DA:227,0
DA:228,0
DA:229,0
DA:231,0
DA:232,0
DA:233,0
DA:234,0
DA:235,0
DA:236,0
DA:237,0
DA:238,0
DA:239,0
DA:240,0
DA:242,0
DA:243,0
DA:244,0
DA:245,0
DA:246,0
DA:248,0
DA:249,0
DA:250,0
DA:251,0
DA:252,0
DA:253,0
DA:256,0
DA:257,0
DA:258,0
DA:259,0
DA:260,0
DA:261,0
DA:262,0
DA:263,0
DA:264,0
DA:265,0
DA:266,0
DA:267,0
DA:268,0
DA:269,0
DA:270,0
DA:271,0
DA:272,0
DA:273,0
DA:274,0
DA:275,0
DA:276,0
DA:277,0
DA:278,0
DA:279,0
DA:280,0
DA:281,0
DA:282,0
DA:283,0
DA:284,0
DA:285,0
DA:286,0
DA:287,0
DA:288,0
DA:289,0
DA:290,0
DA:291,0
DA:292,0
DA:293,0
DA:295,0
DA:296,0
DA:297,0
DA:298,0
DA:299,0
DA:300,0
DA:301,0
DA:302,0
DA:303,0
DA:304,0
DA:305,0
DA:306,0
DA:307,0
DA:308,0
DA:309,0
DA:310,0
DA:311,0
DA:312,0
DA:314,0
DA:315,0
DA:316,0
DA:317,0
DA:318,0
DA:319,0
DA:320,0
DA:321,0
DA:322,0
DA:323,0
DA:324,0
DA:325,0
DA:327,0
DA:328,0
DA:330,0
DA:331,0
DA:332,0
DA:333,0
DA:334,0
DA:335,0
DA:336,0
DA:337,0
DA:338,0
DA:339,0
DA:340,0
DA:342,0
DA:344,0
DA:345,0
DA:346,0
DA:347,0
DA:348,0
DA:349,0
DA:351,0
DA:352,0
DA:353,0
DA:354,0
DA:355,0
DA:356,0
DA:357,0
DA:358,0
DA:359,0
DA:360,0
DA:361,0
DA:362,0
DA:364,0
DA:365,0
DA:366,0
DA:367,0
DA:368,0
DA:369,0
DA:370,0
DA:371,0
DA:372,0
DA:373,0
DA:374,0
DA:375,0
DA:376,0
DA:377,0
DA:378,0
DA:379,0
DA:380,0
DA:381,0
DA:382,0
DA:383,0
DA:384,0
DA:385,0
DA:386,0
DA:387,0
DA:388,0
DA:390,0
DA:392,0
DA:393,0
DA:394,0
DA:396,0
DA:397,0
DA:398,0
DA:399,0
DA:400,0
DA:401,0
DA:402,0
DA:404,0
DA:405,0
DA:406,0
DA:407,0
DA:408,0
DA:409,0
DA:410,0
DA:411,0
DA:412,0
DA:413,0
DA:414,0
DA:415,0
DA:418,0
DA:419,0
DA:420,0
DA:421,0
DA:422,0
DA:423,0
DA:424,0
DA:425,0
DA:426,0
DA:427,0
DA:428,0
DA:429,0
DA:430,0
DA:431,0
DA:432,0
DA:433,0
DA:434,0
DA:435,0
DA:436,0
DA:438,0
DA:440,0
DA:441,0
DA:442,0
DA:443,0
DA:444,0
DA:445,0
DA:446,0
DA:447,0
DA:448,0
DA:450,0
DA:451,0
DA:452,0
DA:453,0
DA:454,0
DA:455,0
DA:456,0
DA:457,0
DA:458,0
DA:459,0
DA:461,0
DA:462,0
DA:463,0
DA:464,0
DA:465,0
DA:466,0
DA:467,0
DA:469,0
DA:470,0
DA:471,0
DA:472,0
DA:473,0
DA:474,0
DA:475,0
DA:476,0
DA:477,0
DA:478,0
DA:479,0
DA:480,0
DA:482,0
DA:483,0
DA:484,0
DA:485,0
DA:486,0
DA:487,0
DA:488,0
DA:489,0
DA:492,0
DA:493,0
DA:494,0
DA:495,0
DA:496,0
DA:497,0
DA:498,0
DA:499,0
DA:500,0
DA:501,0
DA:502,0
DA:504,0
DA:505,0
DA:506,0
DA:507,0
DA:509,0
DA:510,0
DA:511,0
DA:512,0
DA:513,0
DA:514,0
DA:515,0
DA:516,0
DA:517,0
DA:518,0
DA:519,0
DA:520,0
DA:522,0
DA:523,0
DA:524,0
DA:525,0
DA:527,0
DA:529,0
DA:530,0
DA:531,0
DA:532,0
DA:533,0
DA:534,0
DA:535,0
DA:536,0
DA:537,0
DA:539,0
DA:540,0
DA:541,0
DA:542,0
DA:543,0
DA:544,0
DA:546,0
DA:547,0
DA:548,0
DA:549,0
DA:550,0
DA:552,0
DA:553,0
DA:554,0
DA:555,0
DA:556,0
DA:557,0
DA:558,0
DA:559,0
DA:560,0
DA:561,0
DA:562,0
DA:563,0
DA:564,0
DA:565,0
DA:566,0
DA:567,0
DA:569,0
DA:570,0
DA:571,0
DA:572,0
DA:573,0
DA:574,0
DA:575,0
DA:576,0
DA:577,0
DA:578,0
DA:579,0
DA:580,0
DA:581,0
DA:582,0
DA:583,0
DA:584,0
DA:587,0
DA:588,0
DA:589,0
DA:590,0
DA:591,0
DA:592,0
DA:593,0
DA:594,0
DA:595,0
DA:596,0
DA:597,0
DA:598,0
DA:599,0
DA:600,0
DA:601,0
DA:602,0
DA:603,0
DA:604,0
DA:605,0
DA:608,0
DA:609,0
DA:610,0
DA:611,0
DA:612,0
DA:613,0
DA:614,0
DA:615,0
DA:616,0
DA:617,0
DA:618,0
DA:619,0
DA:622,0
DA:623,0
DA:624,0
DA:625,0
DA:626,0
DA:627,0
DA:628,0
DA:629,0
DA:630,0
DA:631,0
DA:632,0
DA:634,0
DA:635,0
DA:636,0
DA:637,0
DA:638,0
DA:639,0
DA:641,0
DA:642,0
DA:643,0
DA:644,0
DA:645,0
DA:646,0
DA:647,0
DA:648,0
DA:651,0
DA:652,0
DA:653,0
DA:654,0
DA:656,0
DA:657,0
DA:658,0
DA:659,0
DA:660,0
DA:661,0
DA:662,0
DA:663,0
DA:665,0
DA:666,0
DA:667,0
DA:668,0
DA:669,0
DA:670,0
DA:671,0
DA:672,0
DA:673,0
DA:675,0
DA:676,0
DA:677,0
DA:678,0
DA:679,0
DA:680,0
DA:681,0
DA:682,0
DA:683,0
DA:684,0
DA:685,0
DA:686,0
DA:687,0
DA:688,0
DA:689,0
DA:690,0
DA:691,0
DA:692,0
DA:693,0
DA:694,0
DA:695,0
DA:696,0
DA:698,0
DA:699,0
DA:700,0
DA:701,0
DA:702,0
DA:703,0
DA:704,0
DA:705,0
DA:706,0
DA:707,0
DA:708,0
DA:709,0
DA:710,0
DA:711,0
DA:712,0
DA:713,0
DA:714,0
DA:715,0
DA:716,0
DA:717,0
DA:718,0
DA:719,0
DA:720,0
DA:721,0
DA:722,0
DA:723,0
DA:724,0
DA:725,0
DA:726,0
DA:727,0
DA:728,0
DA:729,0
DA:730,0
DA:732,0
DA:733,0
DA:734,0
DA:735,0
DA:736,0
DA:737,0
DA:738,0
DA:739,0
DA:740,0
DA:741,0
DA:742,0
DA:743,0
DA:744,0
DA:745,0
DA:746,0
DA:747,0
DA:748,0
DA:749,0
DA:750,0
DA:751,0
DA:752,0
DA:753,0
DA:754,0
DA:756,0
DA:757,0
DA:759,0
DA:760,0
DA:761,0
DA:762,0
DA:763,0
DA:766,0
DA:768,0
DA:770,0
DA:771,0
DA:772,0
DA:773,0
DA:775,0
DA:776,0
DA:777,0
DA:778,0
DA:779,0
DA:780,0
DA:782,0
DA:784,0
DA:785,0
DA:786,0
DA:787,0
DA:788,0
DA:790,0
DA:794,0
DA:795,0
DA:796,0
DA:797,0
DA:798,0
DA:800,0
DA:801,0
DA:803,0
DA:804,0
DA:805,0
DA:807,0
DA:808,0
DA:809,0
DA:810,0
DA:813,0
DA:814,0
DA:815,0
DA:816,0
DA:817,0
DA:818,0
DA:820,0
DA:827,0
DA:828,0
DA:829,0
DA:830,0
DA:831,0
DA:832,0
DA:833,0
DA:834,0
DA:835,0
DA:836,0
DA:839,0
DA:842,0
DA:843,0
DA:844,0
DA:845,0
DA:846,0
DA:847,0
DA:849,0
DA:854,0
DA:856,0
DA:857,0
DA:858,0
DA:859,0
DA:860,0
DA:861,0
DA:862,0
DA:864,0
DA:865,0
DA:866,0
DA:867,0
DA:868,0
DA:869,0
DA:870,0
DA:872,0
DA:878,0
DA:879,0
DA:880,0
DA:881,0
DA:882,0
DA:883,0
DA:884,0
DA:886,0
DA:887,0
DA:888,0
DA:889,0
DA:890,0
DA:891,0
DA:892,0
DA:894,0
DA:900,0
DA:901,0
DA:902,0
DA:903,0
DA:904,0
DA:905,0
DA:906,0
DA:907,0
DA:908,0
DA:910,0
DA:911,0
DA:912,0
DA:913,0
DA:914,0
DA:915,0
DA:916,0
DA:917,0
DA:918,0
DA:919,0
DA:920,0
DA:921,0
DA:922,0
DA:923,0
DA:924,0
DA:925,0
DA:926,0
DA:927,0
DA:928,0
DA:931,0
DA:932,0
DA:933,0
DA:934,0
DA:935,0
DA:936,0
DA:937,0
DA:938,0
DA:939,0
DA:940,0
DA:943,0
DA:945,0
DA:946,0
DA:947,0
DA:949,0
DA:950,0
DA:955,0
DA:961,0
DA:963,0
DA:964,0
DA:965,0
DA:966,0
DA:967,0
DA:969,0
DA:970,0
DA:971,0
DA:972,0
DA:973,0
DA:974,0
DA:975,0
DA:976,0
DA:978,0
DA:979,0
DA:980,0
DA:981,0
DA:982,0
DA:983,0
DA:986,0
DA:988,0
DA:989,0
DA:990,0
DA:991,0
DA:992,0
DA:996,0
DA:997,0
DA:998,0
DA:999,0
DA:1000,0
DA:1001,0
DA:1003,0
DA:1004,0
DA:1005,0
DA:1015,0
DA:1016,0
DA:1017,0
DA:1018,0
DA:1019,0
DA:1020,0
DA:1022,0
DA:1023,0
DA:1025,0
DA:1026,0
DA:1027,0
DA:1028,0
DA:1029,0
DA:1030,0
DA:1032,0
DA:1033,0
DA:1034,0
DA:1035,0
DA:1036,0
DA:1038,0
DA:1045,0
DA:1046,0
DA:1047,0
DA:1049,0
DA:1050,0
DA:1051,0
DA:1052,0
DA:1053,0
DA:1054,0
DA:1055,0
DA:1056,0
DA:1058,0
DA:1059,0
DA:1061,0
DA:1062,0
DA:1063,0
DA:1065,0
DA:1066,0
DA:1067,0
DA:1068,0
DA:1069,0
DA:1072,0
DA:1073,0
DA:1074,0
DA:1075,0
DA:1080,0
DA:1081,0
DA:1082,0
DA:1083,0
DA:1084,0
DA:1085,0
DA:1086,0
DA:1088,0
DA:1089,0
DA:1090,0
DA:1091,0
DA:1092,0
DA:1094,0
DA:1096,0
DA:1097,0
DA:1099,0
DA:1100,0
DA:1101,0
DA:1104,0
DA:1105,0
DA:1106,0
DA:1107,0
DA:1108,0
DA:1109,0
DA:1111,0
DA:1112,0
DA:1116,0
DA:1117,0
DA:1118,0
DA:1120,0
DA:1121,0
DA:1122,0
DA:1123,0
DA:1130,0
DA:1131,0
DA:1132,0
DA:1133,0
DA:1135,0
DA:1136,0
DA:1137,0
DA:1138,0
DA:1144,0
DA:1145,0
DA:1146,0
DA:1147,0
DA:1152,0
DA:1153,0
DA:1154,0
DA:1155,0
DA:1156,0
DA:1157,0
DA:1159,0
DA:1160,0
DA:1161,0
DA:1162,0
DA:1163,0
DA:1164,0
DA:1165,0
DA:1166,0
DA:1167,0
DA:1168,0
DA:1169,0
DA:1170,0
DA:1171,0
DA:1172,0
DA:1173,0
DA:1174,0
DA:1176,0
DA:1180,0
DA:1181,0
DA:1182,0
DA:1183,0
DA:1184,0
DA:1185,0
DA:1186,0
DA:1187,0
DA:1189,0
DA:1190,0
DA:1192,0
DA:1193,0
DA:1194,0
DA:1195,0
DA:1199,0
DA:1203,0
DA:1204,0
[...]
DA:320,11
DA:324,11
DA:325,11
DA:326,11
DA:327,11
DA:328,11
DA:329,11
DA:331,11
DA:333,11
DA:334,11
DA:335,11
DA:336,11
DA:337,11
DA:338,11
DA:343,11
DA:344,11
DA:345,11
DA:346,11
DA:350,11
DA:351,11
DA:352,11
DA:353,0
DA:354,0
DA:355,0
DA:356,11
DA:360,11
DA:361,11
DA:362,11
DA:363,11
DA:365,11
DA:366,11
DA:367,11
DA:368,11
DA:369,11
DA:375,11
DA:378,11
DA:379,11
DA:383,11
DA:384,11
DA:385,11
DA:386,11
DA:387,11
DA:389,11
DA:390,11
DA:391,11
DA:392,0
DA:393,0
DA:394,0
DA:395,0
DA:396,0
DA:397,11
DA:398,11
DA:399,11
DA:400,11
DA:402,11
DA:403,11
DA:404,11
DA:405,11
DA:406,11
DA:408,11
DA:409,11
DA:412,11
DA:413,11
DA:414,11
DA:420,11
DA:425,11
DA:431,11
LF:303
LH:269
BRDA:43,0,0,11
BRDA:92,1,0,5
BRDA:109,2,0,5
BRDA:117,3,0,5
BRDA:117,4,0,4
BRDA:118,5,0,5
BRDA:139,6,0,9
BRDA:149,7,0,7
BRDA:160,8,0,9
BRDA:169,9,0,9
BRDA:169,10,0,2
BRDA:182,11,0,7
BRDA:184,12,0,0
BRDA:199,13,0,9
BRDA:199,14,0,7
BRDA:201,15,0,6
BRDA:201,16,0,1
BRDA:202,17,0,6
BRDA:202,18,0,6
BRDA:204,19,0,1
BRDA:204,20,0,0
BRDA:213,21,0,2
BRDA:214,22,0,5
BRDA:215,23,0,3
BRDA:216,24,0,2
BRDA:218,25,0,0
BRDA:229,26,0,5
BRDA:229,27,0,2
BRDA:231,28,0,5
BRDA:265,29,0,5
BRDA:265,30,0,5
BRDA:320,31,0,2
BRDA:324,32,0,2
BRDA:58,33,0,7
BRDA:59,34,0,5
BRDA:59,35,0,2
BRDA:62,36,0,7
BRDA:62,37,0,5
BRDA:62,38,0,2
BRDA:63,39,0,7
BRDA:63,40,0,5
BRDA:63,41,0,2
BRDA:64,42,0,7
BRDA:64,43,0,5
BRDA:64,44,0,6
BRDA:66,45,0,7
BRDA:69,46,0,7
BRDA:71,47,0,7
BRDA:75,48,0,7
BRDA:78,49,0,7
BRDA:80,50,0,0
BRDA:79,51,0,3
BRDA:85,52,0,7
BRDA:85,53,0,3
BRDA:85,54,0,4
BRDA:94,55,0,7
BRDA:94,56,0,3
BRDA:99,57,0,7
BRDA:102,58,0,1
BRDA:102,59,0,6
BRDA:100,60,0,1
BRDA:100,61,0,0
BRDA:101,62,0,1
BRDA:101,63,0,0
BRDA:110,64,0,7
BRDA:111,65,0,4
BRDA:111,66,0,3
BRDA:113,67,0,0
BRDA:112,68,0,3
BRDA:121,69,0,7
BRDA:121,70,0,0
BRDA:121,71,0,3
BRDA:142,72,0,6
BRDA:143,73,0,5
BRDA:143,74,0,1
BRDA:144,75,0,0
BRDA:152,76,0,6
BRDA:158,77,0,6
BRDA:164,78,0,6
BRDA:165,79,0,2
BRDA:166,80,0,6
BRDA:206,81,0,7
BRDA:208,82,0,0
BRDA:209,83,0,0
BRDA:282,84,0,5
BRDA:283,85,0,5
BRDA:288,86,0,5
BRDA:299,87,0,2
BRDA:299,88,0,3
BRF:89
BRH:78
end_of_record
TN:
SF:src/services/academicService.ts
FN:23,rpc
FN:33,getUniversities
FN:46,getFaculties
FN:52,getDegreePrograms
FN:63,getSuggestedCourses
FN:93,getMyAcademicProfile
FN:111,getMyCatalogCourses
FN:124,getRecommendedCourses
FN:142,setAcademicProfile
FN:152,confirmCatalogCourses
FN:161,verifyMyInstitution
FN:175,linkUniversityEmail
FN:193,getMyVerification
FN:207,triggerScrape
FN:212,getCatalogSources
FNF:15
FNH:5
FNDA:6,rpc
FNDA:2,getUniversities
FNDA:0,getFaculties
FNDA:0,getDegreePrograms
FNDA:0,getSuggestedCourses
FNDA:2,getMyAcademicProfile
FNDA:2,getMyCatalogCourses
FNDA:0,getRecommendedCourses
FNDA:0,setAcademicProfile
FNDA:0,confirmCatalogCourses
FNDA:0,verifyMyInstitution
FNDA:0,linkUniversityEmail
FNDA:2,getMyVerification
FNDA:0,triggerScrape
FNDA:0,getCatalogSources
DA:1,1
DA:7,1
DA:8,1
DA:9,1
DA:22,1
DA:23,1
DA:24,6
DA:31,1
DA:33,1
DA:34,2
DA:35,2
DA:36,2
DA:37,0
DA:38,0
DA:39,0
DA:40,0
DA:41,0
DA:42,0
DA:43,0
DA:44,2
DA:46,1
DA:47,0
DA:48,0
DA:49,0
DA:50,0
DA:52,1
DA:53,0
DA:54,0
DA:55,0
DA:56,0
DA:57,0
DA:58,0
DA:59,0
DA:60,0
DA:61,0
DA:63,1
DA:64,0
DA:65,0
DA:67,0
DA:68,0
DA:69,0
DA:70,0
DA:71,0
DA:72,0
DA:73,0
DA:74,0
DA:75,0
DA:76,0
DA:77,0
DA:78,0
DA:79,0
DA:80,0
DA:81,0
DA:82,0
DA:83,0
DA:92,1
DA:93,1
DA:94,2
DA:95,0
DA:96,2
DA:97,0
DA:98,0
DA:99,0
DA:100,0
DA:101,0
DA:102,0
DA:103,0
DA:104,2
DA:105,2
DA:106,2
DA:107,2
DA:108,2
DA:109,2
DA:111,1
DA:112,2
DA:113,2
DA:114,2
DA:115,0
DA:116,0
DA:117,0
DA:118,0
DA:119,0
DA:120,0
DA:121,2
DA:123,1
DA:124,1
DA:125,0
DA:126,0
DA:127,0
DA:128,0
DA:129,0
DA:130,0
DA:131,0
DA:132,0
DA:133,0
DA:134,0
DA:135,0
DA:136,0
DA:137,0
DA:138,0
DA:140,1
DA:142,1
DA:143,0
DA:144,0
DA:145,0
DA:146,0
DA:147,0
DA:148,0
DA:149,0
DA:150,0
DA:152,1
DA:153,0
DA:154,0
DA:155,0
DA:156,0
DA:157,0
DA:158,0
DA:160,1
DA:161,1
DA:162,0
DA:163,0
DA:164,0
DA:165,0
DA:174,1
DA:175,1
DA:176,0
DA:177,0
DA:178,0
DA:179,0
DA:180,0
DA:181,0
DA:182,0
DA:183,0
DA:184,0
DA:193,1
DA:194,2
DA:195,2
DA:196,2
DA:197,2
DA:198,2
DA:199,2
DA:200,2
DA:201,2
DA:202,2
DA:203,2
DA:205,1
DA:207,1
DA:208,0
DA:209,0
DA:210,0
DA:212,1
DA:213,0
DA:214,0
DA:215,0
DA:216,0
DA:217,0
DA:218,0
DA:219,0
DA:220,0
DA:221,0
LF:160
LH:54
BRDA:23,0,0,6
BRDA:33,1,0,2
BRDA:35,2,0,0
BRDA:93,3,0,2
BRDA:94,4,0,0
BRDA:96,5,0,0
BRDA:104,6,0,0
BRDA:105,7,0,0
BRDA:105,8,0,0
BRDA:106,9,0,0
BRDA:106,10,0,0
BRDA:107,11,0,0
BRDA:107,12,0,0
BRDA:111,13,0,2
BRDA:113,14,0,0
BRDA:193,15,0,2
BRDA:195,16,0,0
BRDA:196,17,0,0
BRDA:198,18,0,0
BRDA:199,19,0,0
BRDA:200,20,0,0
BRDA:201,21,0,0
BRF:22
BRH:5
end_of_record
TN:
SF:src/services/adminService.ts
FN:1,(empty-report)
FNF:1
FNH:0
FNDA:0,(empty-report)
DA:1,0
DA:76,0
DA:77,0
DA:78,0
DA:79,0
DA:80,0
DA:81,0
DA:83,0
DA:84,0
DA:85,0
DA:86,0
DA:88,0
DA:89,0
DA:91,0
DA:92,0
DA:93,0
DA:94,0
DA:96,0
DA:97,0
DA:98,0
DA:99,0
DA:100,0
DA:102,0
DA:103,0
DA:105,0
DA:106,0
DA:107,0
DA:108,0
DA:109,0
DA:111,0
DA:112,0
DA:114,0
DA:115,0
DA:116,0
DA:117,0
DA:118,0
DA:120,0
DA:122,0
DA:123,0
DA:124,0
DA:125,0
DA:126,0
DA:128,0
DA:129,0
DA:130,0
DA:131,0
DA:132,0
DA:134,0
DA:136,0
DA:137,0
DA:138,0
DA:139,0
DA:141,0
DA:143,0
DA:144,0
DA:145,0
DA:146,0
DA:147,0
DA:148,0
LF:59
LH:0
BRDA:1,0,0,0
BRF:1
BRH:0
end_of_record
TN:
SF:src/services/analyticsService.ts
FN:45,getLectureOverview
FN:52,getSlideAnalytics
FN:59,getQuizAnalytics
FN:66,getStudentPerformance
FN:73,getDashboardData
FN:80,getDropoffMap
FN:87,getConfidenceBySlide
FN:94,getDistratorAnalysis
FN:101,getAiQueryFeed
FN:120,getProfessorOverview
FN:127,getAiInsights
FN:133,getLectureInsights
FN:159,askLectureData
FN:172,askProfessorData
FN:180,getProfessorAskSuggestions
FN:193,professorChat
FN:253,getLectureBenchmarks
FN:260,getCourseBenchmarks
FN:267,getAskSuggestions
FNF:19
FNH:11
FNDA:3,getLectureOverview
FNDA:1,getSlideAnalytics
FNDA:0,getQuizAnalytics
FNDA:1,getStudentPerformance
FNDA:1,getDashboardData
FNDA:1,getDropoffMap
FNDA:0,getConfidenceBySlide
FNDA:1,getDistratorAnalysis
FNDA:1,getAiQueryFeed
FNDA:1,getProfessorOverview
FNDA:1,getAiInsights
FNDA:1,getLectureInsights
FNDA:0,askLectureData
FNDA:0,askProfessorData
FNDA:3,getProfessorAskSuggestions
FNDA:0,professorChat
FNDA:0,getLectureBenchmarks
FNDA:0,getCourseBenchmarks
FNDA:0,getAskSuggestions
DA:1,1
DA:4,1
DA:5,1
DA:45,1
DA:46,3
DA:47,3
DA:49,1
DA:50,1
DA:52,1
DA:53,1
DA:54,1
DA:56,1
DA:57,1
DA:59,1
DA:60,0
DA:61,0
DA:63,0
DA:64,0
DA:66,1
DA:67,1
DA:68,1
DA:70,1
DA:71,1
DA:73,1
DA:74,1
DA:75,1
DA:77,1
DA:78,1
DA:80,1
DA:81,1
DA:82,1
DA:84,1
DA:85,1
DA:87,1
DA:88,0
DA:89,0
DA:91,0
DA:92,0
DA:94,1
DA:95,1
DA:96,1
DA:98,1
DA:99,1
DA:101,1
DA:102,1
DA:103,1
DA:105,1
DA:106,1
DA:120,1
DA:121,1
DA:122,1
DA:124,1
DA:125,1
DA:127,1
DA:128,1
DA:129,1
DA:131,1
DA:133,1
DA:134,1
DA:135,1
DA:137,0
DA:138,0
DA:159,1
DA:160,0
DA:161,0
DA:162,0
DA:164,0
DA:165,0
DA:166,0
DA:168,0
DA:169,0
DA:171,1
DA:172,1
DA:173,0
DA:174,0
DA:175,0
DA:177,0
DA:178,0
DA:180,1
DA:181,3
DA:182,3
DA:184,3
DA:185,3
DA:192,1
DA:193,1
DA:194,0
DA:195,0
DA:196,0
DA:198,0
DA:199,0
DA:253,1
DA:254,0
DA:255,0
DA:257,0
DA:258,0
DA:260,1
DA:261,0
DA:262,0
DA:264,0
DA:265,0
DA:267,1
DA:268,0
DA:269,0
DA:271,0
DA:272,0
LF:105
LH:65
BRDA:45,0,0,3
BRDA:47,1,0,1
BRDA:52,2,0,1
BRDA:66,3,0,1
BRDA:73,4,0,1
BRDA:80,5,0,1
BRDA:94,6,0,1
BRDA:101,7,0,1
BRDA:120,8,0,1
BRDA:127,9,0,1
BRDA:133,10,0,1
BRDA:135,11,0,0
BRDA:180,12,0,3
BRDA:182,13,0,0
BRDA:184,14,0,0
BRF:15
BRH:12
end_of_record
TN:
SF:src/services/assignmentsService.ts
FN:61,listAssignments
FN:66,getAssignment
FN:71,createAssignment
FN:76,updateAssignment
FN:84,deleteAssignment
FN:95,listEnrollableStudents
FNF:6
FNH:6
FNDA:7,listAssignments
FNDA:2,getAssignment
FNDA:2,createAssignment
FNDA:2,updateAssignment
FNDA:2,deleteAssignment
FNDA:5,listEnrollableStudents
DA:1,1
DA:4,1
DA:5,1
DA:61,1
DA:62,7
DA:63,6
DA:64,6
DA:66,1
DA:67,2
DA:68,1
DA:69,1
DA:71,1
DA:72,2
DA:73,1
DA:74,1
DA:76,1
DA:77,2
DA:78,2
DA:80,2
DA:81,1
DA:82,1
DA:84,1
DA:85,2
DA:86,1
DA:88,1
DA:94,1
DA:95,1
DA:96,5
DA:97,5
DA:98,5
DA:100,4
DA:101,4
DA:102,1
DA:103,1
DA:104,1
DA:105,5
LF:36
LH:36
BRDA:61,0,0,7
BRDA:62,1,0,6
BRDA:66,2,0,2
BRDA:67,3,0,1
BRDA:71,4,0,2
BRDA:72,5,0,1
BRDA:76,6,0,2
BRDA:80,7,0,1
BRDA:84,8,0,2
BRDA:85,9,0,1
BRDA:95,10,0,5
BRDA:98,11,0,4
BRDA:101,12,0,1
BRF:13
BRH:13
end_of_record
TN:
SF:src/services/conceptsService.ts
FN:31,authHeader
FN:36,fetchStudentMastery
FN:56,fetchLectureConcepts
FN:64,fetchRelatedLectures
FNF:4
FNH:3
FNDA:10,authHeader
FNDA:1,fetchStudentMastery
FNDA:9,fetchLectureConcepts
FNDA:0,fetchRelatedLectures
DA:1,1
DA:3,1
DA:4,1
DA:6,1
DA:31,10
DA:32,10
DA:33,10
DA:34,10
DA:36,1
DA:37,1
DA:38,1
DA:39,0
DA:40,0
DA:41,1
DA:42,1
DA:43,1
DA:44,1
DA:45,1
DA:46,1
DA:47,1
DA:56,1
DA:57,9
DA:58,9
DA:59,0
DA:60,0
DA:61,9
DA:62,9
DA:64,1
DA:65,0
DA:66,0
DA:67,0
DA:69,0
DA:70,0
DA:71,0
DA:72,0
DA:73,0
DA:74,0
DA:75,0
DA:76,0
DA:77,0
LF:40
LH:24
BRDA:6,0,0,0
BRDA:31,1,0,10
BRDA:33,2,0,0
BRDA:36,3,0,1
BRDA:38,4,0,0
BRDA:41,5,0,0
BRDA:43,6,0,0
BRDA:44,7,0,0
BRDA:45,8,0,0
BRDA:56,9,0,9
BRDA:58,10,0,0
BRDA:61,11,0,0
BRF:12
BRH:3
end_of_record
TN:
SF:src/services/coursesService.ts
FN:47,listCourses
FN:56,getCourse
FN:80,createCourse
FN:85,updateCourse
FN:95,generateCourseDescription
FN:102,deleteCourse
FN:107,assignLectureToCourse
FN:114,unassignLectureFromCourse
FN:118,browseCourses
FN:123,enrollInCourse
FNF:10
FNH:9
FNDA:9,listCourses
FNDA:2,getCourse
FNDA:2,createCourse
FNDA:1,updateCourse
FNDA:0,generateCourseDescription
FNDA:2,deleteCourse
FNDA:1,assignLectureToCourse
FNDA:1,unassignLectureFromCourse
FNDA:3,browseCourses
FNDA:2,enrollInCourse
DA:1,1
DA:4,1
DA:5,1
DA:7,1
DA:47,1
DA:48,9
DA:49,9
DA:50,9
DA:51,9
DA:52,9
DA:53,9
DA:54,9
DA:56,1
DA:57,2
DA:58,2
DA:59,2
DA:60,1
DA:61,1
DA:62,1
DA:63,1
DA:64,1
DA:65,1
DA:66,1
DA:67,0
DA:68,0
DA:69,1
DA:70,1
DA:71,0
DA:72,1
DA:73,1
DA:74,1
DA:75,1
DA:76,1
DA:77,1
DA:78,1
DA:80,1
DA:81,2
DA:82,1
DA:83,1
DA:85,1
DA:86,1
DA:87,1
DA:88,1
DA:90,1
DA:94,1
DA:95,1
DA:96,0
DA:97,0
DA:98,0
DA:99,0
DA:100,0
DA:102,1
DA:103,2
DA:104,2
DA:105,2
DA:107,1
DA:108,1
DA:109,1
DA:110,1
DA:112,1
DA:114,1
DA:115,1
DA:116,1
DA:118,1
DA:119,3
DA:120,3
DA:121,3
DA:123,1
DA:124,2
DA:125,1
LF:70
LH:62
BRDA:47,0,0,9
BRDA:49,1,0,3
BRDA:49,2,0,1
BRDA:50,3,0,3
BRDA:50,4,0,2
BRDA:51,5,0,3
BRDA:51,6,0,6
BRDA:56,7,0,2
BRDA:59,8,0,1
BRDA:66,9,0,0
BRDA:70,10,0,0
BRDA:80,11,0,2
BRDA:81,12,0,1
BRDA:85,13,0,1
BRDA:102,14,0,2
BRDA:103,15,0,1
BRDA:103,16,0,1
BRDA:107,17,0,1
BRDA:114,18,0,1
BRDA:118,19,0,3
BRDA:123,20,0,2
BRDA:124,21,0,1
BRF:22
BRH:20
end_of_record
TN:
SF:src/services/gamificationService.ts
FN:10,rpc
FN:31,grantXp
FN:49,awardBadge
FN:64,evaluateBadges
FN:74,fetchBadgeCatalog
FNF:5
FNH:5
FNDA:24,rpc
FNDA:9,grantXp
FNDA:9,awardBadge
FNDA:6,evaluateBadges
FNDA:2,fetchBadgeCatalog
DA:1,1
DA:5,1
DA:6,1
DA:8,1
DA:9,1
DA:10,1
DA:11,24
DA:26,1
DA:30,1
DA:31,1
DA:32,9
DA:33,9
DA:34,9
DA:36,9
DA:37,9
DA:38,9
DA:39,9
DA:40,9
DA:41,9
DA:42,9
DA:44,1
DA:48,1
DA:49,1
DA:50,9
DA:51,9
DA:52,1
DA:53,1
DA:54,1
DA:55,9
DA:56,9
DA:57,9
DA:59,1
DA:63,1
DA:64,1
DA:65,6
DA:66,6
DA:67,1
DA:68,1
DA:69,1
DA:70,6
DA:71,6
DA:73,1
DA:74,1
DA:75,2
DA:76,2
DA:77,2
DA:78,2
DA:79,0
DA:80,0
DA:81,0
DA:82,2
DA:83,2
LF:52
LH:49
BRDA:10,0,0,24
BRDA:31,1,0,9
BRDA:39,2,0,4
BRDA:41,3,0,1
BRDA:49,4,0,9
BRDA:51,5,0,1
BRDA:54,6,0,8
BRDA:55,7,0,3
BRDA:55,8,0,5
BRDA:56,9,0,6
BRDA:56,10,0,3
BRDA:56,11,0,5
BRDA:64,12,0,6
BRDA:66,13,0,1
BRDA:69,14,0,5
BRDA:70,15,0,1
BRDA:74,16,0,2
BRDA:78,17,0,0
BRDA:82,18,0,0
BRF:19
BRH:17
end_of_record
TN:
SF:src/services/lectureService.ts
FN:16,extractStoragePath
FN:29,resolvePdfUrl
FN:42,fetchLecture
FN:74,fetchSlides
FN:88,fetchQuizQuestions
FN:146,updateSlideContent
FN:153,fetchProfessorLectures
FN:173,archiveLecture
FN:181,unarchiveLecture
FN:208,insertQuizQuestion
FN:232,updateQuizQuestion
FN:239,deleteSlideWithQuestions
FN:244,deleteLecture
FNF:13
FNH:9
FNDA:0,extractStoragePath
FNDA:9,resolvePdfUrl
FNDA:2,fetchLecture
FNDA:3,fetchSlides
FNDA:0,fetchQuizQuestions
FNDA:1,updateSlideContent
FNDA:3,fetchProfessorLectures
FNDA:0,archiveLecture
FNDA:0,unarchiveLecture
FNDA:1,insertQuizQuestion
FNDA:1,updateQuizQuestion
FNDA:1,deleteSlideWithQuestions
FNDA:1,deleteLecture
DA:1,1
DA:4,1
DA:5,1
DA:7,1
DA:10,1
DA:15,1
DA:16,0
DA:17,0
DA:18,0
DA:19,0
DA:21,1
DA:28,1
DA:29,1
DA:30,9
DA:31,0
DA:32,0
DA:33,0
DA:34,0
DA:35,9
DA:36,0
DA:37,0
DA:38,0
DA:39,0
DA:40,0
DA:42,1
DA:43,2
DA:44,2
DA:45,2
DA:46,2
DA:47,2
DA:48,2
DA:49,2
DA:50,0
DA:51,0
DA:52,0
DA:53,2
DA:54,2
DA:55,1
DA:56,1
DA:57,1
DA:58,1
DA:59,1
DA:61,1
DA:62,1
DA:63,1
DA:64,1
DA:65,1
DA:67,2
DA:68,0
DA:69,0
DA:70,0
DA:71,1
DA:72,1
DA:74,1
DA:75,3
DA:76,3
DA:77,3
DA:78,3
DA:79,3
DA:81,3
DA:82,0
DA:83,0
DA:84,0
DA:85,3
DA:86,3
DA:88,1
DA:89,0
DA:90,0
DA:91,0
DA:92,0
DA:93,0
DA:94,0
DA:95,0
DA:96,0
DA:97,0
DA:98,0
DA:99,0
DA:100,0
DA:101,0
DA:102,0
DA:104,0
DA:105,0
DA:106,0
DA:107,0
DA:108,0
DA:110,0
DA:111,0
DA:112,0
DA:113,0
DA:114,0
DA:115,0
DA:116,0
DA:118,0
DA:119,0
DA:120,0
DA:121,0
DA:123,0
DA:124,0
DA:125,0
DA:126,0
DA:127,0
DA:128,0
DA:129,0
DA:130,0
DA:131,0
DA:132,0
DA:133,0
DA:134,0
DA:135,0
DA:136,0
DA:137,0
DA:138,0
DA:139,0
DA:140,0
DA:141,0
DA:142,0
DA:143,0
DA:144,0
DA:146,1
DA:147,1
DA:148,1
DA:150,1
DA:151,1
DA:153,1
DA:154,3
DA:155,3
DA:157,3
DA:158,3
DA:159,3
DA:161,3
DA:162,0
DA:163,3
DA:164,3
DA:165,3
DA:167,3
DA:168,3
DA:169,3
DA:170,3
DA:171,3
DA:173,1
DA:174,0
DA:175,0
DA:176,0
DA:177,0
DA:178,0
DA:179,0
DA:181,1
DA:182,0
DA:183,0
DA:184,0
DA:185,0
DA:186,0
DA:187,0
DA:208,1
DA:209,1
DA:210,1
DA:211,1
DA:212,1
DA:213,1
DA:214,0
DA:215,0
DA:216,0
DA:219,1
DA:220,1
DA:221,1
DA:222,1
DA:223,1
DA:224,1
DA:225,1
DA:226,1
DA:227,0
DA:228,0
DA:229,1
DA:230,1
DA:232,1
DA:233,1
DA:234,1
DA:236,1
DA:237,1
DA:239,1
DA:240,1
DA:241,1
DA:242,1
DA:244,1
DA:245,1
DA:246,1
DA:247,1
DA:248,1
DA:249,1
DA:251,1
DA:252,1
DA:253,1
DA:254,1
DA:255,1
DA:257,1
DA:258,1
DA:259,1
DA:260,1
DA:261,1
DA:262,1
DA:263,0
DA:264,0
DA:265,0
DA:266,0
DA:267,0
DA:268,0
DA:269,0
DA:270,0
DA:271,0
DA:273,1
DA:274,1
LF:211
LH:110
BRDA:29,0,0,9
BRDA:30,1,0,0
BRDA:35,2,0,0
BRDA:42,3,0,2
BRDA:49,4,0,0
BRDA:53,5,0,0
BRDA:54,6,0,1
BRDA:67,7,0,0
BRDA:70,8,0,1
BRDA:53,9,0,1
BRDA:74,10,0,3
BRDA:81,11,0,0
BRDA:85,12,0,0
BRDA:146,13,0,1
BRDA:153,14,0,3
BRDA:161,15,0,0
BRDA:161,16,0,0
BRDA:163,17,0,0
BRDA:170,18,0,2
BRDA:208,19,0,1
BRDA:214,20,0,0
BRDA:226,21,0,0
BRDA:226,22,0,0
BRDA:232,23,0,1
BRDA:239,24,0,1
BRDA:244,25,0,1
BRDA:249,26,0,0
BRDA:262,27,0,0
BRDA:249,28,0,2
BRF:29
BRH:14
end_of_record
TN:
SF:src/services/practiceSheetsService.ts
FN:56,listPracticeSheets
FN:63,createManualSheet
FN:71,generateAutoSheet
FN:79,getPracticeSheet
FN:86,updatePracticeSheet
FN:97,deletePracticeSheet
FN:112,addQuestion
FN:123,updateQuestion
FN:135,deleteQuestion
FN:139,reorderQuestions
FN:149,submitAttempt
FN:161,getMyAttempts
FNF:12
FNH:12
FNDA:120,listPracticeSheets
FNDA:1,createManualSheet
FNDA:2,generateAutoSheet
FNDA:2,getPracticeSheet
FNDA:1,updatePracticeSheet
FNDA:1,deletePracticeSheet
FNDA:1,addQuestion
FNDA:1,updateQuestion
FNDA:1,deleteQuestion
FNDA:1,reorderQuestions
FNDA:3,submitAttempt
FNDA:1,getMyAttempts
DA:1,1
DA:4,1
DA:5,1
DA:54,1
DA:56,1
DA:57,120
DA:58,120
DA:60,119
DA:61,119
DA:63,1
DA:64,1
DA:65,1
DA:66,1
DA:68,1
DA:69,1
DA:71,1
DA:72,2
DA:73,2
DA:74,2
DA:76,1
DA:77,1
DA:79,1
DA:80,2
DA:81,2
DA:83,1
DA:84,1
DA:86,1
DA:87,1
DA:88,1
DA:90,1
DA:91,1
DA:92,1
DA:94,1
DA:95,1
DA:97,1
DA:98,1
DA:99,1
DA:112,1
DA:113,1
DA:114,1
DA:116,1
DA:117,1
DA:118,1
DA:120,1
DA:121,1
DA:123,1
DA:124,1
DA:125,1
DA:126,1
DA:128,1
DA:129,1
DA:130,1
DA:132,1
DA:133,1
DA:135,1
DA:136,1
DA:137,1
DA:139,1
DA:140,1
DA:141,1
DA:142,1
DA:144,1
DA:145,1
DA:147,1
DA:149,1
DA:150,3
DA:151,3
DA:152,3
DA:154,3
DA:155,3
DA:156,3
DA:158,3
DA:159,3
DA:161,1
DA:162,1
DA:163,1
DA:165,1
DA:166,1
LF:78
LH:78
BRDA:56,0,0,120
BRDA:58,1,0,119
BRDA:63,2,0,1
BRDA:71,3,0,2
BRDA:74,4,0,1
BRDA:79,5,0,2
BRDA:81,6,0,1
BRDA:86,7,0,1
BRDA:97,8,0,1
BRDA:112,9,0,1
BRDA:123,10,0,1
BRDA:135,11,0,1
BRDA:139,12,0,1
BRDA:149,13,0,3
BRDA:161,14,0,1
BRF:15
BRH:15
end_of_record
TN:
SF:src/services/studentService.ts
FN:18,fetchStudentLectures
FN:29,fetchStudentProgress
FN:39,fetchStudentAchievements
FN:50,fetchStudentCourseVisits
FN:61,fetchStudentCourses
FN:71,fetchStudentDashboard
FN:94,fetchLectureProgress
FN:109,upsertLectureProgress
FN:122,logLearningEvent
FN:136,recordCourseVisit
FN:145,recordDailyActivity
FN:153,recordLectureVisit
FN:167,fetchRecentLectureVisits
FN:180,checkAchievementExists
FN:190,awardAchievement
FN:202,insertNotification
FN:211,countCompletedLectures
FN:227,exportAccountData
FN:243,deleteAccountData
FNF:19
FNH:15
FNDA:5,fetchStudentLectures
FNDA:5,fetchStudentProgress
FNDA:5,fetchStudentAchievements
FNDA:5,fetchStudentCourseVisits
FNDA:5,fetchStudentCourses
FNDA:4,fetchStudentDashboard
FNDA:1,fetchLectureProgress
FNDA:2,upsertLectureProgress
FNDA:1,logLearningEvent
FNDA:0,recordCourseVisit
FNDA:6,recordDailyActivity
FNDA:0,recordLectureVisit
FNDA:0,fetchRecentLectureVisits
FNDA:2,checkAchievementExists
FNDA:1,awardAchievement
FNDA:1,insertNotification
FNDA:0,countCompletedLectures
FNDA:1,exportAccountData
FNDA:1,deleteAccountData
DA:1,1
DA:5,1
DA:6,1
DA:18,1
DA:19,5
DA:20,5
DA:21,5
DA:22,5
DA:23,5
DA:24,5
DA:25,5
DA:26,5
DA:27,5
DA:29,1
DA:30,5
DA:31,5
DA:32,5
DA:33,5
DA:34,5
DA:35,5
DA:36,5
DA:37,5
DA:39,1
DA:40,5
DA:41,5
DA:42,5
DA:43,5
DA:44,5
DA:45,5
DA:46,5
DA:47,5
DA:48,5
DA:50,1
DA:51,5
DA:52,5
DA:53,5
DA:54,5
DA:55,5
DA:56,5
DA:57,5
DA:58,5
DA:59,5
DA:61,1
DA:62,5
DA:63,5
DA:64,5
DA:65,5
DA:66,5
DA:67,5
DA:68,5
DA:69,5
DA:71,1
DA:72,4
DA:73,4
DA:74,4
DA:75,4
DA:76,4
DA:77,4
DA:78,4
DA:80,4
DA:81,3
DA:82,3
DA:83,3
DA:85,4
DA:86,4
DA:87,4
DA:88,4
DA:89,4
DA:90,4
DA:91,4
DA:92,4
DA:94,1
DA:95,1
DA:96,1
DA:97,1
DA:98,1
DA:99,1
DA:100,1
DA:102,1
DA:103,0
DA:104,0
DA:105,1
DA:106,1
DA:107,1
DA:109,1
DA:110,2
DA:111,2
DA:112,2
DA:114,2
DA:115,2
DA:116,2
DA:117,2
DA:118,2
DA:120,2
DA:122,1
DA:123,1
DA:124,1
DA:125,1
DA:127,1
DA:128,1
DA:129,1
DA:130,1
DA:132,1
DA:135,1
DA:136,1
DA:137,0
DA:138,0
DA:139,0
DA:141,1
DA:144,1
DA:145,1
DA:146,6
DA:147,6
DA:149,1
DA:152,1
DA:153,1
DA:154,0
DA:155,0
DA:156,0
DA:158,0
DA:159,0
DA:160,0
DA:161,0
DA:163,1
DA:166,1
DA:167,1
DA:168,0
DA:169,0
DA:171,0
DA:172,0
DA:173,0
DA:174,0
DA:175,0
DA:176,0
DA:177,0
DA:178,0
DA:180,1
DA:181,2
DA:182,2
DA:183,2
DA:184,2
DA:185,2
DA:186,2
DA:187,2
DA:188,2
DA:190,1
DA:191,1
DA:192,1
DA:194,1
DA:195,1
DA:196,1
DA:197,1
DA:198,1
DA:199,1
DA:200,1
DA:202,1
DA:203,1
DA:204,1
DA:205,1
DA:206,1
DA:208,1
DA:209,1
DA:211,1
DA:212,0
DA:213,0
DA:214,0
DA:215,0
DA:216,0
DA:217,0
DA:227,1
DA:228,1
DA:229,1
DA:230,1
DA:231,1
DA:232,1
DA:233,1
DA:234,1
DA:235,1
DA:236,1
DA:237,1
DA:238,1
DA:239,1
DA:240,1
DA:241,1
DA:243,1
DA:244,1
DA:245,1
DA:246,1
DA:247,1
DA:248,1
DA:249,1
LF:191
LH:163
BRDA:18,0,0,5
BRDA:25,1,0,1
BRDA:26,2,0,1
BRDA:29,3,0,5
BRDA:35,4,0,1
BRDA:36,5,0,1
BRDA:39,6,0,5
BRDA:46,7,0,1
BRDA:47,8,0,1
BRDA:50,9,0,5
BRDA:57,10,0,1
BRDA:58,11,0,1
BRDA:61,12,0,5
BRDA:67,13,0,1
BRDA:68,14,0,1
BRDA:71,15,0,4
BRDA:80,16,0,3
BRDA:82,17,0,2
BRDA:82,18,0,1
BRDA:94,19,0,1
BRDA:102,20,0,0
BRDA:105,21,0,0
BRDA:109,22,0,2
BRDA:122,23,0,1
BRDA:145,24,0,6
BRDA:180,25,0,2
BRDA:190,26,0,1
BRDA:202,27,0,1
BRDA:227,28,0,1
BRDA:243,29,0,1
BRF:30
BRH:28
end_of_record
TN:
SF:src/services/worksheetsService.ts
FN:31,listWorksheets
FN:38,uploadWorksheet
FN:62,renameWorksheet
FN:67,deleteWorksheet
FN:77,getWorksheetDownloadUrl
FNF:5
FNH:1
FNDA:12,listWorksheets
FNDA:0,uploadWorksheet
FNDA:0,renameWorksheet
FNDA:0,deleteWorksheet
FNDA:0,getWorksheetDownloadUrl
DA:1,1
DA:8,1
DA:9,1
DA:10,1
DA:12,1
DA:31,1
DA:32,12
DA:33,12
DA:35,12
DA:36,12
DA:38,1
DA:39,0
DA:40,0
DA:41,0
DA:43,0
DA:44,0
DA:45,0
DA:46,0
DA:47,0
DA:48,0
DA:49,0
DA:50,0
DA:51,0
DA:52,0
DA:53,0
DA:54,0
DA:55,0
DA:56,0
DA:57,0
DA:58,0
DA:59,0
DA:60,0
DA:62,1
DA:63,0
DA:64,0
DA:65,0
DA:67,1
DA:68,0
DA:69,0
DA:77,1
DA:78,0
DA:79,0
DA:81,0
DA:82,0
LF:44
LH:14
BRDA:12,0,0,0
BRDA:31,1,0,12
BRF:2
BRH:1
end_of_record
